self=$$;  ( mysqldump --single-transaction --quick --lock-tables=false -u _152c70f8dd8b4c61 -p********** _152c70f8dd8b4c61 -h 127.0.0.1 -P 3306   || kill $self )  | /usr/bin/gzip >> ./ecommerce.site/private/backups/20230822_180002-ecommerce_site-database.sql.gz

Backup Summary for ecommerce.site at 2023-08-22 18:00:02.725155
Config  : ./ecommerce.site/private/backups/20230822_180002-ecommerce_site-site_config_backup.json 94.0B
Database: ./ecommerce.site/private/backups/20230822_180002-ecommerce_site-database.sql.gz         262.2KiB
Backup for Site ecommerce.site has been successfully completed
self=$$;  ( mysqldump --single-transaction --quick --lock-tables=false -u _152c70f8dd8b4c61 -p********** _152c70f8dd8b4c61 -h 127.0.0.1 -P 3306   || kill $self )  | /usr/bin/gzip >> ./ecommerce.site/private/backups/20230823_000002-ecommerce_site-database.sql.gz

Backup Summary for ecommerce.site at 2023-08-23 00:00:02.595124
Config  : ./ecommerce.site/private/backups/20230823_000002-ecommerce_site-site_config_backup.json 94.0B
Database: ./ecommerce.site/private/backups/20230823_000002-ecommerce_site-database.sql.gz         263.9KiB
Backup for Site ecommerce.site has been successfully completed
self=$$;  ( mysqldump --single-transaction --quick --lock-tables=false -u _152c70f8dd8b4c61 -p********** _152c70f8dd8b4c61 -h 127.0.0.1 -P 3306   || kill $self )  | /usr/bin/gzip >> ./ecommerce.site/private/backups/20230823_120002-ecommerce_site-database.sql.gz

Backup Summary for ecommerce.site at 2023-08-23 12:00:02.606100
Config  : ./ecommerce.site/private/backups/20230823_120002-ecommerce_site-site_config_backup.json 94.0B
Database: ./ecommerce.site/private/backups/20230823_120002-ecommerce_site-database.sql.gz         267.6KiB
Backup for Site ecommerce.site has been successfully completed
self=$$;  ( mysqldump --single-transaction --quick --lock-tables=false -u _152c70f8dd8b4c61 -p********** _152c70f8dd8b4c61 -h 127.0.0.1 -P 3306   || kill $self )  | /usr/bin/gzip >> ./ecommerce.site/private/backups/20230823_180002-ecommerce_site-database.sql.gz

Backup Summary for ecommerce.site at 2023-08-23 18:00:02.507333
Config  : ./ecommerce.site/private/backups/20230823_180002-ecommerce_site-site_config_backup.json 94.0B
Database: ./ecommerce.site/private/backups/20230823_180002-ecommerce_site-database.sql.gz         273.2KiB
Backup for Site ecommerce.site has been successfully completed
self=$$;  ( mysqldump --single-transaction --quick --lock-tables=false -u _152c70f8dd8b4c61 -p********** _152c70f8dd8b4c61 -h 127.0.0.1 -P 3306   || kill $self )  | /usr/bin/gzip >> ./ecommerce.site/private/backups/20230824_120002-ecommerce_site-database.sql.gz

Backup Summary for ecommerce.site at 2023-08-24 12:00:03.368453
Config  : ./ecommerce.site/private/backups/20230824_120002-ecommerce_site-site_config_backup.json 94.0B
Database: ./ecommerce.site/private/backups/20230824_120002-ecommerce_site-database.sql.gz         279.7KiB
Backup for Site ecommerce.site has been successfully completed
self=$$;  ( mysqldump --single-transaction --quick --lock-tables=false -u _152c70f8dd8b4c61 -p********** _152c70f8dd8b4c61 -h 127.0.0.1 -P 3306   || kill $self )  | /usr/bin/gzip >> ./ecommerce.site/private/backups/20230824_180001-ecommerce_site-database.sql.gz

Backup Summary for ecommerce.site at 2023-08-24 18:00:02.065163
Config  : ./ecommerce.site/private/backups/20230824_180001-ecommerce_site-site_config_backup.json 94.0B
Database: ./ecommerce.site/private/backups/20230824_180001-ecommerce_site-database.sql.gz         283.6KiB
Backup for Site ecommerce.site has been successfully completed
self=$$;  ( mysqldump --single-transaction --quick --lock-tables=false -u _152c70f8dd8b4c61 -p********** _152c70f8dd8b4c61 -h 127.0.0.1 -P 3306   || kill $self )  | /usr/bin/gzip >> ./ecommerce.site/private/backups/20230825_120002-ecommerce_site-database.sql.gz

Backup Summary for ecommerce.site at 2023-08-25 12:00:02.599260
Config  : ./ecommerce.site/private/backups/20230825_120002-ecommerce_site-site_config_backup.json 94.0B
Database: ./ecommerce.site/private/backups/20230825_120002-ecommerce_site-database.sql.gz         287.9KiB
Backup for Site ecommerce.site has been successfully completed
self=$$;  ( mysqldump --single-transaction --quick --lock-tables=false -u _152c70f8dd8b4c61 -p********** _152c70f8dd8b4c61 -h 127.0.0.1 -P 3306   || kill $self )  | /usr/bin/gzip >> ./ecommerce.site/private/backups/20230825_180002-ecommerce_site-database.sql.gz

Backup Summary for ecommerce.site at 2023-08-25 18:00:02.750859
Config  : ./ecommerce.site/private/backups/20230825_180002-ecommerce_site-site_config_backup.json 94.0B
Database: ./ecommerce.site/private/backups/20230825_180002-ecommerce_site-database.sql.gz         291.2KiB
Backup for Site ecommerce.site has been successfully completed
self=$$;  ( mysqldump --single-transaction --quick --lock-tables=false -u _152c70f8dd8b4c61 -p********** _152c70f8dd8b4c61 -h 127.0.0.1 -P 3306   || kill $self )  | /usr/bin/gzip >> ./ecommerce.site/private/backups/20230828_000002-ecommerce_site-database.sql.gz

Backup Summary for ecommerce.site at 2023-08-28 00:00:03.120791
Config  : ./ecommerce.site/private/backups/20230828_000002-ecommerce_site-site_config_backup.json 94.0B
Database: ./ecommerce.site/private/backups/20230828_000002-ecommerce_site-database.sql.gz         302.6KiB
Backup for Site ecommerce.site has been successfully completed
self=$$;  ( mysqldump --single-transaction --quick --lock-tables=false -u _152c70f8dd8b4c61 -p********** _152c70f8dd8b4c61 -h 127.0.0.1 -P 3306   || kill $self )  | /usr/bin/gzip >> ./ecommerce.site/private/backups/20230828_120002-ecommerce_site-database.sql.gz

Backup Summary for ecommerce.site at 2023-08-28 12:00:02.518883
Config  : ./ecommerce.site/private/backups/20230828_120002-ecommerce_site-site_config_backup.json 94.0B
Database: ./ecommerce.site/private/backups/20230828_120002-ecommerce_site-database.sql.gz         303.5KiB
Backup for Site ecommerce.site has been successfully completed
self=$$;  ( mysqldump --single-transaction --quick --lock-tables=false -u _152c70f8dd8b4c61 -p********** _152c70f8dd8b4c61 -h 127.0.0.1 -P 3306   || kill $self )  | /usr/bin/gzip >> ./ecommerce.site/private/backups/20230828_180001-ecommerce_site-database.sql.gz

Backup Summary for ecommerce.site at 2023-08-28 18:00:02.233566
Config  : ./ecommerce.site/private/backups/20230828_180001-ecommerce_site-site_config_backup.json 94.0B
Database: ./ecommerce.site/private/backups/20230828_180001-ecommerce_site-database.sql.gz         308.9KiB
Backup for Site ecommerce.site has been successfully completed
self=$$;  ( mysqldump --single-transaction --quick --lock-tables=false -u _152c70f8dd8b4c61 -p********** _152c70f8dd8b4c61 -h 127.0.0.1 -P 3306   || kill $self )  | /usr/bin/gzip >> ./ecommerce.site/private/backups/20230829_000001-ecommerce_site-database.sql.gz

Backup Summary for ecommerce.site at 2023-08-29 00:00:02.370774
Config  : ./ecommerce.site/private/backups/20230829_000001-ecommerce_site-site_config_backup.json 94.0B
Database: ./ecommerce.site/private/backups/20230829_000001-ecommerce_site-database.sql.gz         312.4KiB
Backup for Site ecommerce.site has been successfully completed
self=$$;  ( mysqldump --single-transaction --quick --lock-tables=false -u _152c70f8dd8b4c61 -p********** _152c70f8dd8b4c61 -h 127.0.0.1 -P 3306   || kill $self )  | /usr/bin/gzip >> ./ecommerce.site/private/backups/20230829_120002-ecommerce_site-database.sql.gz

Backup Summary for ecommerce.site at 2023-08-29 12:00:02.812866
Config  : ./ecommerce.site/private/backups/20230829_120002-ecommerce_site-site_config_backup.json 94.0B
Database: ./ecommerce.site/private/backups/20230829_120002-ecommerce_site-database.sql.gz         313.8KiB
Backup for Site ecommerce.site has been successfully completed
self=$$;  ( mysqldump --single-transaction --quick --lock-tables=false -u _152c70f8dd8b4c61 -p********** _152c70f8dd8b4c61 -h 127.0.0.1 -P 3306   || kill $self )  | /usr/bin/gzip >> ./ecommerce.site/private/backups/20230829_180228-ecommerce_site-database.sql.gz

Backup Summary for ecommerce.site at 2023-08-29 18:02:28.892256
Config  : ./ecommerce.site/private/backups/20230829_180228-ecommerce_site-site_config_backup.json 94.0B
Database: ./ecommerce.site/private/backups/20230829_180228-ecommerce_site-database.sql.gz         319.7KiB
Backup for Site ecommerce.site has been successfully completed
self=$$;  ( mysqldump --single-transaction --quick --lock-tables=false -u _152c70f8dd8b4c61 -p********** _152c70f8dd8b4c61 -h 127.0.0.1 -P 3306   || kill $self )  | /usr/bin/gzip >> ./ecommerce.site/private/backups/20230830_000002-ecommerce_site-database.sql.gz

Backup Summary for ecommerce.site at 2023-08-30 00:00:02.880969
Config  : ./ecommerce.site/private/backups/20230830_000002-ecommerce_site-site_config_backup.json 94.0B
Database: ./ecommerce.site/private/backups/20230830_000002-ecommerce_site-database.sql.gz         322.6KiB
Backup for Site ecommerce.site has been successfully completed
self=$$;  ( mysqldump --single-transaction --quick --lock-tables=false -u _152c70f8dd8b4c61 -p********** _152c70f8dd8b4c61 -h 127.0.0.1 -P 3306   || kill $self )  | /usr/bin/gzip >> ./ecommerce.site/private/backups/20230830_120002-ecommerce_site-database.sql.gz

Backup Summary for ecommerce.site at 2023-08-30 12:00:03.360156
Config  : ./ecommerce.site/private/backups/20230830_120002-ecommerce_site-site_config_backup.json 94.0B
Database: ./ecommerce.site/private/backups/20230830_120002-ecommerce_site-database.sql.gz         323.5KiB
Backup for Site ecommerce.site has been successfully completed
self=$$;  ( mysqldump --single-transaction --quick --lock-tables=false -u _152c70f8dd8b4c61 -p********** _152c70f8dd8b4c61 -h 127.0.0.1 -P 3306   || kill $self )  | /usr/bin/gzip >> ./ecommerce.site/private/backups/20230830_180001-ecommerce_site-database.sql.gz

Backup Summary for ecommerce.site at 2023-08-30 18:00:02.283941
Config  : ./ecommerce.site/private/backups/20230830_180001-ecommerce_site-site_config_backup.json 94.0B
Database: ./ecommerce.site/private/backups/20230830_180001-ecommerce_site-database.sql.gz         327.7KiB
Backup for Site ecommerce.site has been successfully completed
self=$$;  ( mysqldump --single-transaction --quick --lock-tables=false -u _152c70f8dd8b4c61 -p********** _152c70f8dd8b4c61 -h 127.0.0.1 -P 3306   || kill $self )  | /usr/bin/gzip >> ./ecommerce.site/private/backups/20230831_000002-ecommerce_site-database.sql.gz

Backup Summary for ecommerce.site at 2023-08-31 00:00:02.593466
Config  : ./ecommerce.site/private/backups/20230831_000002-ecommerce_site-site_config_backup.json 94.0B
Database: ./ecommerce.site/private/backups/20230831_000002-ecommerce_site-database.sql.gz         332.3KiB
Backup for Site ecommerce.site has been successfully completed
self=$$;  ( mysqldump --single-transaction --quick --lock-tables=false -u _152c70f8dd8b4c61 -p********** _152c70f8dd8b4c61 -h 127.0.0.1 -P 3306   || kill $self )  | /usr/bin/gzip >> ./ecommerce.site/private/backups/20230831_120001-ecommerce_site-database.sql.gz

Backup Summary for ecommerce.site at 2023-08-31 12:00:02.185099
Config  : ./ecommerce.site/private/backups/20230831_120001-ecommerce_site-site_config_backup.json 94.0B
Database: ./ecommerce.site/private/backups/20230831_120001-ecommerce_site-database.sql.gz         337.1KiB
Backup for Site ecommerce.site has been successfully completed
self=$$;  ( mysqldump --single-transaction --quick --lock-tables=false -u _152c70f8dd8b4c61 -p********** _152c70f8dd8b4c61 -h 127.0.0.1 -P 3306   || kill $self )  | /usr/bin/gzip >> ./ecommerce.site/private/backups/20230831_180002-ecommerce_site-database.sql.gz

Backup Summary for ecommerce.site at 2023-08-31 18:00:02.629133
Config  : ./ecommerce.site/private/backups/20230831_180002-ecommerce_site-site_config_backup.json 94.0B
Database: ./ecommerce.site/private/backups/20230831_180002-ecommerce_site-database.sql.gz         341.5KiB
Backup for Site ecommerce.site has been successfully completed
self=$$;  ( mysqldump --single-transaction --quick --lock-tables=false -u _152c70f8dd8b4c61 -p********** _152c70f8dd8b4c61 -h 127.0.0.1 -P 3306   || kill $self )  | /usr/bin/gzip >> ./ecommerce.site/private/backups/20230901_000002-ecommerce_site-database.sql.gz

Backup Summary for ecommerce.site at 2023-09-01 00:00:02.804891
Config  : ./ecommerce.site/private/backups/20230901_000002-ecommerce_site-site_config_backup.json 94.0B
Database: ./ecommerce.site/private/backups/20230901_000002-ecommerce_site-database.sql.gz         342.2KiB
Backup for Site ecommerce.site has been successfully completed
self=$$;  ( mysqldump --single-transaction --quick --lock-tables=false -u _152c70f8dd8b4c61 -p********** _152c70f8dd8b4c61 -h 127.0.0.1 -P 3306   || kill $self )  | /usr/bin/gzip >> ./ecommerce.site/private/backups/20230901_120002-ecommerce_site-database.sql.gz

Backup Summary for ecommerce.site at 2023-09-01 12:00:02.623674
Config  : ./ecommerce.site/private/backups/20230901_120002-ecommerce_site-site_config_backup.json 94.0B
Database: ./ecommerce.site/private/backups/20230901_120002-ecommerce_site-database.sql.gz         344.1KiB
Backup for Site ecommerce.site has been successfully completed
self=$$;  ( mysqldump --single-transaction --quick --lock-tables=false -u _152c70f8dd8b4c61 -p********** _152c70f8dd8b4c61 -h 127.0.0.1 -P 3306   || kill $self )  | /usr/bin/gzip >> ./ecommerce.site/private/backups/20230901_180001-ecommerce_site-database.sql.gz

Backup Summary for ecommerce.site at 2023-09-01 18:00:02.014456
Config  : ./ecommerce.site/private/backups/20230901_180001-ecommerce_site-site_config_backup.json 126.0B
Database: ./ecommerce.site/private/backups/20230901_180001-ecommerce_site-database.sql.gz         349.4KiB
Backup for Site ecommerce.site has been successfully completed
self=$$;  ( mysqldump --single-transaction --quick --lock-tables=false -u _152c70f8dd8b4c61 -p********** _152c70f8dd8b4c61 -h 127.0.0.1 -P 3306   || kill $self )  | /usr/bin/gzip >> ./ecommerce.site/private/backups/20230902_120002-ecommerce_site-database.sql.gz

Backup Summary for ecommerce.site at 2023-09-02 12:00:03.238761
Config  : ./ecommerce.site/private/backups/20230902_120002-ecommerce_site-site_config_backup.json 126.0B
Database: ./ecommerce.site/private/backups/20230902_120002-ecommerce_site-database.sql.gz         357.7KiB
Backup for Site ecommerce.site has been successfully completed
self=$$;  ( mysqldump --single-transaction --quick --lock-tables=false -u _152c70f8dd8b4c61 -p********** _152c70f8dd8b4c61 -h 127.0.0.1 -P 3306   || kill $self )  | /usr/bin/gzip >> ./ecommerce.site/private/backups/20230902_180002-ecommerce_site-database.sql.gz

Backup Summary for ecommerce.site at 2023-09-02 18:00:02.539315
Config  : ./ecommerce.site/private/backups/20230902_180002-ecommerce_site-site_config_backup.json 126.0B
Database: ./ecommerce.site/private/backups/20230902_180002-ecommerce_site-database.sql.gz         364.0KiB
Backup for Site ecommerce.site has been successfully completed
self=$$;  ( mysqldump --single-transaction --quick --lock-tables=false -u _152c70f8dd8b4c61 -p********** _152c70f8dd8b4c61 -h 127.0.0.1 -P 3306   || kill $self )  | /usr/bin/gzip >> ./ecommerce.site/private/backups/20230904_000002-ecommerce_site-database.sql.gz

Backup Summary for ecommerce.site at 2023-09-04 00:00:02.836284
Config  : ./ecommerce.site/private/backups/20230904_000002-ecommerce_site-site_config_backup.json 126.0B
Database: ./ecommerce.site/private/backups/20230904_000002-ecommerce_site-database.sql.gz         369.0KiB
Backup for Site ecommerce.site has been successfully completed
self=$$;  ( mysqldump --single-transaction --quick --lock-tables=false -u _152c70f8dd8b4c61 -p********** _152c70f8dd8b4c61 -h 127.0.0.1 -P 3306   || kill $self )  | /usr/bin/gzip >> ./ecommerce.site/private/backups/20230904_120002-ecommerce_site-database.sql.gz

Backup Summary for ecommerce.site at 2023-09-04 12:00:02.433035
Config  : ./ecommerce.site/private/backups/20230904_120002-ecommerce_site-site_config_backup.json 126.0B
Database: ./ecommerce.site/private/backups/20230904_120002-ecommerce_site-database.sql.gz         370.3KiB
Backup for Site ecommerce.site has been successfully completed
self=$$;  ( mysqldump --single-transaction --quick --lock-tables=false -u _152c70f8dd8b4c61 -p********** _152c70f8dd8b4c61 -h 127.0.0.1 -P 3306   || kill $self )  | /usr/bin/gzip >> ./ecommerce.site/private/backups/20230904_180002-ecommerce_site-database.sql.gz

Backup Summary for ecommerce.site at 2023-09-04 18:00:02.958146
Config  : ./ecommerce.site/private/backups/20230904_180002-ecommerce_site-site_config_backup.json 126.0B
Database: ./ecommerce.site/private/backups/20230904_180002-ecommerce_site-database.sql.gz         382.8KiB
Backup for Site ecommerce.site has been successfully completed
self=$$;  ( mysqldump --single-transaction --quick --lock-tables=false -u _152c70f8dd8b4c61 -p********** _152c70f8dd8b4c61 -h 127.0.0.1 -P 3306   || kill $self )  | /usr/bin/gzip >> ./ecommerce.site/private/backups/20230905_120002-ecommerce_site-database.sql.gz

Backup Summary for ecommerce.site at 2023-09-05 12:00:02.931160
Config  : ./ecommerce.site/private/backups/20230905_120002-ecommerce_site-site_config_backup.json 126.0B
Database: ./ecommerce.site/private/backups/20230905_120002-ecommerce_site-database.sql.gz         385.7KiB
Backup for Site ecommerce.site has been successfully completed
self=$$;  ( mysqldump --single-transaction --quick --lock-tables=false -u _152c70f8dd8b4c61 -p********** _152c70f8dd8b4c61 -h 127.0.0.1 -P 3306   || kill $self )  | /usr/bin/gzip >> ./ecommerce.site/private/backups/20230905_180002-ecommerce_site-database.sql.gz

Backup Summary for ecommerce.site at 2023-09-05 18:00:02.781514
Config  : ./ecommerce.site/private/backups/20230905_180002-ecommerce_site-site_config_backup.json 126.0B
Database: ./ecommerce.site/private/backups/20230905_180002-ecommerce_site-database.sql.gz         388.9KiB
Backup for Site ecommerce.site has been successfully completed
self=$$;  ( mysqldump --single-transaction --quick --lock-tables=false -u _152c70f8dd8b4c61 -p********** _152c70f8dd8b4c61 -h 127.0.0.1 -P 3306   || kill $self )  | /usr/bin/gzip >> ./ecommerce.site/private/backups/20230906_120001-ecommerce_site-database.sql.gz

Backup Summary for ecommerce.site at 2023-09-06 12:00:02.453456
Config  : ./ecommerce.site/private/backups/20230906_120001-ecommerce_site-site_config_backup.json 126.0B
Database: ./ecommerce.site/private/backups/20230906_120001-ecommerce_site-database.sql.gz         391.3KiB
Backup for Site ecommerce.site has been successfully completed
self=$$;  ( mysqldump --single-transaction --quick --lock-tables=false -u _152c70f8dd8b4c61 -p********** _152c70f8dd8b4c61 -h 127.0.0.1 -P 3306   || kill $self )  | /usr/bin/gzip >> ./ecommerce.site/private/backups/20230906_180002-ecommerce_site-database.sql.gz

Backup Summary for ecommerce.site at 2023-09-06 18:00:02.552489
Config  : ./ecommerce.site/private/backups/20230906_180002-ecommerce_site-site_config_backup.json 126.0B
Database: ./ecommerce.site/private/backups/20230906_180002-ecommerce_site-database.sql.gz         394.4KiB
Backup for Site ecommerce.site has been successfully completed
self=$$;  ( mysqldump --single-transaction --quick --lock-tables=false -u _152c70f8dd8b4c61 -p********** _152c70f8dd8b4c61 -h 127.0.0.1 -P 3306   || kill $self )  | /usr/bin/gzip >> ./ecommerce.site/private/backups/20230907_120002-ecommerce_site-database.sql.gz

Backup Summary for ecommerce.site at 2023-09-07 12:00:03.021191
Config  : ./ecommerce.site/private/backups/20230907_120002-ecommerce_site-site_config_backup.json 126.0B
Database: ./ecommerce.site/private/backups/20230907_120002-ecommerce_site-database.sql.gz         395.1KiB
Backup for Site ecommerce.site has been successfully completed
self=$$;  ( mysqldump --single-transaction --quick --lock-tables=false -u _152c70f8dd8b4c61 -p********** _152c70f8dd8b4c61 -h 127.0.0.1 -P 3306   || kill $self )  | /usr/bin/gzip >> ./ecommerce.site/private/backups/20230907_180002-ecommerce_site-database.sql.gz

Backup Summary for ecommerce.site at 2023-09-07 18:00:03.384615
Config  : ./ecommerce.site/private/backups/20230907_180002-ecommerce_site-site_config_backup.json 126.0B
Database: ./ecommerce.site/private/backups/20230907_180002-ecommerce_site-database.sql.gz         395.1KiB
Backup for Site ecommerce.site has been successfully completed
self=$$;  ( mysqldump --single-transaction --quick --lock-tables=false -u _152c70f8dd8b4c61 -p********** _152c70f8dd8b4c61 -h 127.0.0.1 -P 3306   || kill $self )  | /usr/bin/gzip >> ./ecommerce.site/private/backups/20230908_120002-ecommerce_site-database.sql.gz

Backup Summary for ecommerce.site at 2023-09-08 12:00:02.788226
Config  : ./ecommerce.site/private/backups/20230908_120002-ecommerce_site-site_config_backup.json 126.0B
Database: ./ecommerce.site/private/backups/20230908_120002-ecommerce_site-database.sql.gz         395.1KiB
Backup for Site ecommerce.site has been successfully completed
self=$$;  ( mysqldump --single-transaction --quick --lock-tables=false -u _152c70f8dd8b4c61 -p********** _152c70f8dd8b4c61 -h 127.0.0.1 -P 3306   || kill $self )  | /usr/bin/gzip >> ./ecommerce.site/private/backups/20230908_180001-ecommerce_site-database.sql.gz

Backup Summary for ecommerce.site at 2023-09-08 18:00:01.996684
Config  : ./ecommerce.site/private/backups/20230908_180001-ecommerce_site-site_config_backup.json 126.0B
Database: ./ecommerce.site/private/backups/20230908_180001-ecommerce_site-database.sql.gz         398.8KiB
Backup for Site ecommerce.site has been successfully completed
self=$$;  ( mysqldump --single-transaction --quick --lock-tables=false -u _152c70f8dd8b4c61 -p********** _152c70f8dd8b4c61 -h 127.0.0.1 -P 3306   || kill $self )  | /usr/bin/gzip >> ./ecommerce.site/private/backups/20230911_120002-ecommerce_site-database.sql.gz

Backup Summary for ecommerce.site at 2023-09-11 12:00:03.287749
Config  : ./ecommerce.site/private/backups/20230911_120002-ecommerce_site-site_config_backup.json 126.0B
Database: ./ecommerce.site/private/backups/20230911_120002-ecommerce_site-database.sql.gz         405.7KiB
Backup for Site ecommerce.site has been successfully completed
self=$$;  ( mysqldump --single-transaction --quick --lock-tables=false -u _152c70f8dd8b4c61 -p********** _152c70f8dd8b4c61 -h 127.0.0.1 -P 3306   || kill $self )  | /usr/bin/gzip >> ./ecommerce.site/private/backups/20230911_180002-ecommerce_site-database.sql.gz

Backup Summary for ecommerce.site at 2023-09-11 18:00:02.519847
Config  : ./ecommerce.site/private/backups/20230911_180002-ecommerce_site-site_config_backup.json 150.0B
Database: ./ecommerce.site/private/backups/20230911_180002-ecommerce_site-database.sql.gz         418.0KiB
Backup for Site ecommerce.site has been successfully completed
self=$$;  ( mysqldump --single-transaction --quick --lock-tables=false -u _152c70f8dd8b4c61 -p********** _152c70f8dd8b4c61 -h 127.0.0.1 -P 3306   || kill $self )  | /usr/bin/gzip >> ./ecommerce.site/private/backups/20230913_000002-ecommerce_site-database.sql.gz

Backup Summary for ecommerce.site at 2023-09-13 00:00:02.348600
Config  : ./ecommerce.site/private/backups/20230913_000002-ecommerce_site-site_config_backup.json 150.0B
Database: ./ecommerce.site/private/backups/20230913_000002-ecommerce_site-database.sql.gz         423.3KiB
Backup for Site ecommerce.site has been successfully completed
self=$$;  ( mysqldump --single-transaction --quick --lock-tables=false -u _152c70f8dd8b4c61 -p********** _152c70f8dd8b4c61 -h 127.0.0.1 -P 3306   || kill $self )  | /usr/bin/gzip >> ./ecommerce.site/private/backups/20230913_120001-ecommerce_site-database.sql.gz

Backup Summary for ecommerce.site at 2023-09-13 12:00:02.152154
Config  : ./ecommerce.site/private/backups/20230913_120001-ecommerce_site-site_config_backup.json 150.0B
Database: ./ecommerce.site/private/backups/20230913_120001-ecommerce_site-database.sql.gz         425.1KiB
Backup for Site ecommerce.site has been successfully completed
self=$$;  ( mysqldump --single-transaction --quick --lock-tables=false -u _152c70f8dd8b4c61 -p********** _152c70f8dd8b4c61 -h 127.0.0.1 -P 3306   || kill $self )  | /usr/bin/gzip >> ./ecommerce.site/private/backups/20230913_180001-ecommerce_site-database.sql.gz

Backup Summary for ecommerce.site at 2023-09-13 18:00:02.110554
Config  : ./ecommerce.site/private/backups/20230913_180001-ecommerce_site-site_config_backup.json 150.0B
Database: ./ecommerce.site/private/backups/20230913_180001-ecommerce_site-database.sql.gz         425.2KiB
Backup for Site ecommerce.site has been successfully completed
self=$$;  ( mysqldump --single-transaction --quick --lock-tables=false -u _152c70f8dd8b4c61 -p********** _152c70f8dd8b4c61 -h 127.0.0.1 -P 3306   || kill $self )  | /usr/bin/gzip >> ./ecommerce.site/private/backups/20230914_000002-ecommerce_site-database.sql.gz

Backup Summary for ecommerce.site at 2023-09-14 00:00:02.627233
Config  : ./ecommerce.site/private/backups/20230914_000002-ecommerce_site-site_config_backup.json 150.0B
Database: ./ecommerce.site/private/backups/20230914_000002-ecommerce_site-database.sql.gz         425.2KiB
Backup for Site ecommerce.site has been successfully completed
self=$$;  ( mysqldump --single-transaction --quick --lock-tables=false -u _152c70f8dd8b4c61 -p********** _152c70f8dd8b4c61 -h 127.0.0.1 -P 3306   || kill $self )  | /usr/bin/gzip >> ./ecommerce.site/private/backups/20230914_120002-ecommerce_site-database.sql.gz

Backup Summary for ecommerce.site at 2023-09-14 12:00:02.951685
Config  : ./ecommerce.site/private/backups/20230914_120002-ecommerce_site-site_config_backup.json 150.0B
Database: ./ecommerce.site/private/backups/20230914_120002-ecommerce_site-database.sql.gz         425.2KiB
Backup for Site ecommerce.site has been successfully completed
self=$$;  ( mysqldump --single-transaction --quick --lock-tables=false -u _152c70f8dd8b4c61 -p********** _152c70f8dd8b4c61 -h 127.0.0.1 -P 3306   || kill $self )  | /usr/bin/gzip >> ./ecommerce.site/private/backups/20230914_180002-ecommerce_site-database.sql.gz

Backup Summary for ecommerce.site at 2023-09-14 18:00:02.637093
Config  : ./ecommerce.site/private/backups/20230914_180002-ecommerce_site-site_config_backup.json 150.0B
Database: ./ecommerce.site/private/backups/20230914_180002-ecommerce_site-database.sql.gz         427.1KiB
Backup for Site ecommerce.site has been successfully completed
self=$$;  ( mysqldump --single-transaction --quick --lock-tables=false -u _152c70f8dd8b4c61 -p********** _152c70f8dd8b4c61 -h 127.0.0.1 -P 3306   || kill $self )  | /usr/bin/gzip >> ./ecommerce.site/private/backups/20230915_000002-ecommerce_site-database.sql.gz

Backup Summary for ecommerce.site at 2023-09-15 00:00:03.796831
Config  : ./ecommerce.site/private/backups/20230915_000002-ecommerce_site-site_config_backup.json 150.0B
Database: ./ecommerce.site/private/backups/20230915_000002-ecommerce_site-database.sql.gz         428.2KiB
Backup for Site ecommerce.site has been successfully completed
self=$$;  ( mysqldump --single-transaction --quick --lock-tables=false -u _152c70f8dd8b4c61 -p********** _152c70f8dd8b4c61 -h 127.0.0.1 -P 3306   || kill $self )  | /usr/bin/gzip >> ./ecommerce.site/private/backups/20230915_120002-ecommerce_site-database.sql.gz

Backup Summary for ecommerce.site at 2023-09-15 12:00:03.100646
Config  : ./ecommerce.site/private/backups/20230915_120002-ecommerce_site-site_config_backup.json 150.0B
Database: ./ecommerce.site/private/backups/20230915_120002-ecommerce_site-database.sql.gz         438.6KiB
Backup for Site ecommerce.site has been successfully completed
self=$$;  ( mysqldump --single-transaction --quick --lock-tables=false -u _152c70f8dd8b4c61 -p********** _152c70f8dd8b4c61 -h 127.0.0.1 -P 3306   || kill $self )  | /usr/bin/gzip >> ./ecommerce.site/private/backups/20230916_000002-ecommerce_site-database.sql.gz

Backup Summary for ecommerce.site at 2023-09-16 00:00:03.075290
Config  : ./ecommerce.site/private/backups/20230916_000002-ecommerce_site-site_config_backup.json 150.0B
Database: ./ecommerce.site/private/backups/20230916_000002-ecommerce_site-database.sql.gz         445.9KiB
Backup for Site ecommerce.site has been successfully completed
self=$$;  ( mysqldump --single-transaction --quick --lock-tables=false -u _152c70f8dd8b4c61 -p********** _152c70f8dd8b4c61 -h 127.0.0.1 -P 3306   || kill $self )  | /usr/bin/gzip >> ./ecommerce.site/private/backups/20230916_120002-ecommerce_site-database.sql.gz

Backup Summary for ecommerce.site at 2023-09-16 12:00:02.686644
Config  : ./ecommerce.site/private/backups/20230916_120002-ecommerce_site-site_config_backup.json 150.0B
Database: ./ecommerce.site/private/backups/20230916_120002-ecommerce_site-database.sql.gz         451.7KiB
Backup for Site ecommerce.site has been successfully completed
self=$$;  ( mysqldump --single-transaction --quick --lock-tables=false -u _152c70f8dd8b4c61 -p********** _152c70f8dd8b4c61 -h 127.0.0.1 -P 3306   || kill $self )  | /usr/bin/gzip >> ./ecommerce.site/private/backups/20230916_180002-ecommerce_site-database.sql.gz

Backup Summary for ecommerce.site at 2023-09-16 18:00:03.326176
Config  : ./ecommerce.site/private/backups/20230916_180002-ecommerce_site-site_config_backup.json 150.0B
Database: ./ecommerce.site/private/backups/20230916_180002-ecommerce_site-database.sql.gz         456.1KiB
Backup for Site ecommerce.site has been successfully completed
self=$$;  ( mysqldump --single-transaction --quick --lock-tables=false -u _152c70f8dd8b4c61 -p********** _152c70f8dd8b4c61 -h 127.0.0.1 -P 3306   || kill $self )  | /usr/bin/gzip >> ./ecommerce.site/private/backups/20230918_000002-ecommerce_site-database.sql.gz

Backup Summary for ecommerce.site at 2023-09-18 00:00:03.072238
Config  : ./ecommerce.site/private/backups/20230918_000002-ecommerce_site-site_config_backup.json 150.0B
Database: ./ecommerce.site/private/backups/20230918_000002-ecommerce_site-database.sql.gz         456.1KiB
Backup for Site ecommerce.site has been successfully completed
self=$$;  ( mysqldump --single-transaction --quick --lock-tables=false -u _152c70f8dd8b4c61 -p********** _152c70f8dd8b4c61 -h 127.0.0.1 -P 3306   || kill $self )  | /usr/bin/gzip >> ./ecommerce.site/private/backups/20230918_120038-ecommerce_site-database.sql.gz

Backup Summary for ecommerce.site at 2023-09-18 12:00:38.377160
Config  : ./ecommerce.site/private/backups/20230918_120038-ecommerce_site-site_config_backup.json 150.0B
Database: ./ecommerce.site/private/backups/20230918_120038-ecommerce_site-database.sql.gz         456.3KiB
Backup for Site ecommerce.site has been successfully completed
self=$$;  ( mysqldump --single-transaction --quick --lock-tables=false -u _152c70f8dd8b4c61 -p********** _152c70f8dd8b4c61 -h 127.0.0.1 -P 3306   || kill $self )  | /usr/bin/gzip >> ./ecommerce.site/private/backups/20230918_180002-ecommerce_site-database.sql.gz

Backup Summary for ecommerce.site at 2023-09-18 18:00:02.868252
Config  : ./ecommerce.site/private/backups/20230918_180002-ecommerce_site-site_config_backup.json 150.0B
Database: ./ecommerce.site/private/backups/20230918_180002-ecommerce_site-database.sql.gz         456.3KiB
Backup for Site ecommerce.site has been successfully completed
