2023-08-22 17:45:50,799 WARNING database DDL Query made to DB:
create table `tabQuery Parameters` (
			name varchar(140) primary key,
			creation datetime(6),
			modified datetime(6),
			modified_by varchar(140),
			owner varchar(140),
			docstatus int(1) not null default '0',
			idx int(8) not null default '0',
			`key` varchar(140),
`value` varchar(140),
parent varchar(140),
parentfield varchar(140),
parenttype varchar(140),
index parent(parent))
			ENGINE=InnoDB
			ROW_FORMAT=DYNAMIC
			CHARACTER SET=utf8mb4
			COLLATE=utf8mb4_unicode_ci
2023-08-22 17:45:50,880 WARNING database DDL Query made to DB:
create table `tabIntegration Request` (
			name varchar(140) primary key,
			creation datetime(6),
			modified datetime(6),
			modified_by varchar(140),
			owner varchar(140),
			docstatus int(1) not null default '0',
			idx int(8) not null default '0',
			`request_id` varchar(140),
`integration_request_service` varchar(140),
`is_remote_request` int(1) not null default 0,
`request_description` varchar(140),
`status` varchar(140) default 'Queued',
`url` varchar(140),
`request_headers` longtext,
`data` longtext,
`output` longtext,
`error` longtext,
`reference_doctype` varchar(140),
`reference_docname` varchar(140),
`_user_tags` text,
`_comments` text,
`_assign` text,
`_liked_by` text,
index modified(modified))
			ENGINE=InnoDB
			ROW_FORMAT=DYNAMIC
			CHARACTER SET=utf8mb4
			COLLATE=utf8mb4_unicode_ci
2023-08-22 17:45:50,975 WARNING database DDL Query made to DB:
create table `tabOAuth Bearer Token` (
			name varchar(140) primary key,
			creation datetime(6),
			modified datetime(6),
			modified_by varchar(140),
			owner varchar(140),
			docstatus int(1) not null default '0',
			idx int(8) not null default '0',
			`client` varchar(140),
`user` varchar(140),
`scopes` text,
`access_token` varchar(140) unique,
`refresh_token` varchar(140),
`expiration_time` datetime(6),
`expires_in` int(11) not null default 0,
`status` varchar(140),
`_user_tags` text,
`_comments` text,
`_assign` text,
`_liked_by` text,
index modified(modified))
			ENGINE=InnoDB
			ROW_FORMAT=DYNAMIC
			CHARACTER SET=utf8mb4
			COLLATE=utf8mb4_unicode_ci
2023-08-22 17:45:51,066 WARNING database DDL Query made to DB:
create table `tabOAuth Authorization Code` (
			name varchar(140) primary key,
			creation datetime(6),
			modified datetime(6),
			modified_by varchar(140),
			owner varchar(140),
			docstatus int(1) not null default '0',
			idx int(8) not null default '0',
			`client` varchar(140),
`user` varchar(140),
`scopes` text,
`authorization_code` varchar(140) unique,
`expiration_time` datetime(6),
`redirect_uri_bound_to_authorization_code` varchar(140),
`validity` varchar(140),
`nonce` varchar(140),
`code_challenge` varchar(140),
`code_challenge_method` varchar(140),
`_user_tags` text,
`_comments` text,
`_assign` text,
`_liked_by` text,
index modified(modified))
			ENGINE=InnoDB
			ROW_FORMAT=DYNAMIC
			CHARACTER SET=utf8mb4
			COLLATE=utf8mb4_unicode_ci
2023-08-22 17:45:51,148 WARNING database DDL Query made to DB:
create table `tabOAuth Scope` (
			name varchar(140) primary key,
			creation datetime(6),
			modified datetime(6),
			modified_by varchar(140),
			owner varchar(140),
			docstatus int(1) not null default '0',
			idx int(8) not null default '0',
			`scope` varchar(140),
parent varchar(140),
parentfield varchar(140),
parenttype varchar(140),
index parent(parent))
			ENGINE=InnoDB
			ROW_FORMAT=DYNAMIC
			CHARACTER SET=utf8mb4
			COLLATE=utf8mb4_unicode_ci
2023-08-22 17:45:51,248 WARNING database DDL Query made to DB:
create table `tabWebhook Request Log` (
			name varchar(140) primary key,
			creation datetime(6),
			modified datetime(6),
			modified_by varchar(140),
			owner varchar(140),
			docstatus int(1) not null default '0',
			idx int(8) not null default '0',
			`webhook` varchar(140),
`reference_document` varchar(140),
`headers` longtext,
`data` longtext,
`user` varchar(140),
`url` varchar(140),
`response` longtext,
`error` text,
`_user_tags` text,
`_comments` text,
`_assign` text,
`_liked_by` text,
index modified(modified))
			ENGINE=InnoDB
			ROW_FORMAT=DYNAMIC
			CHARACTER SET=utf8mb4
			COLLATE=utf8mb4_unicode_ci
2023-08-22 17:45:51,796 WARNING database DDL Query made to DB:
create table `tabPrint Format Field Template` (
			name varchar(140) primary key,
			creation datetime(6),
			modified datetime(6),
			modified_by varchar(140),
			owner varchar(140),
			docstatus int(1) not null default '0',
			idx int(8) not null default '0',
			`document_type` varchar(140),
`field` varchar(140),
`template_file` varchar(140),
`module` varchar(140),
`standard` int(1) not null default 0,
`template` longtext,
`_user_tags` text,
`_comments` text,
`_assign` text,
`_liked_by` text,
index modified(modified))
			ENGINE=InnoDB
			ROW_FORMAT=DYNAMIC
			CHARACTER SET=utf8mb4
			COLLATE=utf8mb4_unicode_ci
2023-08-22 17:45:52,474 WARNING database DDL Query made to DB:
create table `tabLetter Head` (
			name varchar(140) primary key,
			creation datetime(6),
			modified datetime(6),
			modified_by varchar(140),
			owner varchar(140),
			docstatus int(1) not null default '0',
			idx int(8) not null default '0',
			`letter_head_name` varchar(140) unique,
`source` varchar(140),
`footer_source` varchar(140) default 'HTML',
`disabled` int(1) not null default 0,
`is_default` int(1) not null default 0,
`image` text,
`image_height` decimal(21,9) not null default 0,
`image_width` decimal(21,9) not null default 0,
`align` varchar(140) default 'Left',
`content` longtext,
`footer` longtext,
`footer_image` text,
`footer_image_height` decimal(21,9) not null default 0,
`footer_image_width` decimal(21,9) not null default 0,
`footer_align` varchar(140),
`_user_tags` text,
`_comments` text,
`_assign` text,
`_liked_by` text,
index `is_default`(`is_default`),
index modified(modified))
			ENGINE=InnoDB
			ROW_FORMAT=DYNAMIC
			CHARACTER SET=utf8mb4
			COLLATE=utf8mb4_unicode_ci
2023-08-22 17:45:52,561 WARNING database DDL Query made to DB:
create table `tabNetwork Printer Settings` (
			name varchar(140) primary key,
			creation datetime(6),
			modified datetime(6),
			modified_by varchar(140),
			owner varchar(140),
			docstatus int(1) not null default '0',
			idx int(8) not null default '0',
			`server_ip` varchar(140) default 'localhost',
`port` int(11) not null default 631,
`printer_name` varchar(140),
`_user_tags` text,
`_comments` text,
`_assign` text,
`_liked_by` text,
index modified(modified))
			ENGINE=InnoDB
			ROW_FORMAT=DYNAMIC
			CHARACTER SET=utf8mb4
			COLLATE=utf8mb4_unicode_ci
2023-08-22 17:45:52,643 WARNING database DDL Query made to DB:
create table `tabPrint Heading` (
			name varchar(140) primary key,
			creation datetime(6),
			modified datetime(6),
			modified_by varchar(140),
			owner varchar(140),
			docstatus int(1) not null default '0',
			idx int(8) not null default '0',
			`print_heading` varchar(140),
`description` text,
`_user_tags` text,
`_comments` text,
`_assign` text,
`_liked_by` text,
index modified(modified))
			ENGINE=InnoDB
			ROW_FORMAT=DYNAMIC
			CHARACTER SET=utf8mb4
			COLLATE=utf8mb4_unicode_ci
2023-08-22 17:45:52,970 WARNING database DDL Query made to DB:
create table `tabSalutation` (
			name varchar(140) primary key,
			creation datetime(6),
			modified datetime(6),
			modified_by varchar(140),
			owner varchar(140),
			docstatus int(1) not null default '0',
			idx int(8) not null default '0',
			`salutation` varchar(140) unique,
`_user_tags` text,
`_comments` text,
`_assign` text,
`_liked_by` text,
index modified(modified))
			ENGINE=InnoDB
			ROW_FORMAT=DYNAMIC
			CHARACTER SET=utf8mb4
			COLLATE=utf8mb4_unicode_ci
2023-08-22 17:45:53,184 WARNING database DDL Query made to DB:
create table `tabGender` (
			name varchar(140) primary key,
			creation datetime(6),
			modified datetime(6),
			modified_by varchar(140),
			owner varchar(140),
			docstatus int(1) not null default '0',
			idx int(8) not null default '0',
			`gender` varchar(140) unique,
`_user_tags` text,
`_comments` text,
`_assign` text,
`_liked_by` text,
index modified(modified))
			ENGINE=InnoDB
			ROW_FORMAT=DYNAMIC
			CHARACTER SET=utf8mb4
			COLLATE=utf8mb4_unicode_ci
2023-08-22 17:45:53,264 WARNING database DDL Query made to DB:
create table `tabAddress Template` (
			name varchar(140) primary key,
			creation datetime(6),
			modified datetime(6),
			modified_by varchar(140),
			owner varchar(140),
			docstatus int(1) not null default '0',
			idx int(8) not null default '0',
			`country` varchar(140) unique,
`is_default` int(1) not null default 0,
`template` longtext,
`_user_tags` text,
`_comments` text,
`_assign` text,
`_liked_by` text,
index modified(modified))
			ENGINE=InnoDB
			ROW_FORMAT=DYNAMIC
			CHARACTER SET=utf8mb4
			COLLATE=utf8mb4_unicode_ci
2023-08-22 17:45:53,605 WARNING database DDL Query made to DB:
create table `tabAddress` (
			name varchar(140) primary key,
			creation datetime(6),
			modified datetime(6),
			modified_by varchar(140),
			owner varchar(140),
			docstatus int(1) not null default '0',
			idx int(8) not null default '0',
			`address_title` varchar(140),
`address_type` varchar(140),
`address_line1` varchar(140),
`address_line2` varchar(140),
`city` varchar(140),
`county` varchar(140),
`state` varchar(140),
`country` varchar(140),
`pincode` varchar(140),
`email_id` varchar(140),
`phone` varchar(140),
`fax` varchar(140),
`is_primary_address` int(1) not null default 0,
`is_shipping_address` int(1) not null default 0,
`disabled` int(1) not null default 0,
`_user_tags` text,
`_comments` text,
`_assign` text,
`_liked_by` text,
index `city`(`city`),
index `country`(`country`),
index `pincode`(`pincode`),
index modified(modified))
			ENGINE=InnoDB
			ROW_FORMAT=DYNAMIC
			CHARACTER SET=utf8mb4
			COLLATE=utf8mb4_unicode_ci
2023-08-22 17:45:53,740 WARNING database DDL Query made to DB:
create table `tabContact` (
			name varchar(140) primary key,
			creation datetime(6),
			modified datetime(6),
			modified_by varchar(140),
			owner varchar(140),
			docstatus int(1) not null default '0',
			idx int(8) not null default '0',
			`first_name` varchar(140),
`middle_name` varchar(140),
`last_name` varchar(140),
`full_name` varchar(140),
`email_id` varchar(140),
`user` varchar(140),
`address` varchar(140),
`sync_with_google_contacts` int(1) not null default 0,
`status` varchar(140) default 'Passive',
`salutation` varchar(140),
`designation` varchar(140),
`gender` varchar(140),
`phone` varchar(140),
`mobile_no` varchar(140),
`company_name` varchar(140),
`image` text,
`google_contacts` varchar(140),
`google_contacts_id` varchar(140),
`pulled_from_google_contacts` int(1) not null default 0,
`is_primary_contact` int(1) not null default 0,
`department` varchar(140),
`unsubscribed` int(1) not null default 0,
`_user_tags` text,
`_comments` text,
`_assign` text,
`_liked_by` text,
index `email_id`(`email_id`),
index modified(modified))
			ENGINE=InnoDB
			ROW_FORMAT=DYNAMIC
			CHARACTER SET=utf8mb4
			COLLATE=utf8mb4_unicode_ci
2023-08-22 17:45:54,072 WARNING database DDL Query made to DB:
create table `tabContact Email` (
			name varchar(140) primary key,
			creation datetime(6),
			modified datetime(6),
			modified_by varchar(140),
			owner varchar(140),
			docstatus int(1) not null default '0',
			idx int(8) not null default '0',
			`email_id` varchar(140),
`is_primary` int(1) not null default 0,
parent varchar(140),
parentfield varchar(140),
parenttype varchar(140),
index parent(parent))
			ENGINE=InnoDB
			ROW_FORMAT=DYNAMIC
			CHARACTER SET=utf8mb4
			COLLATE=utf8mb4_unicode_ci
2023-08-22 17:45:54,148 WARNING database DDL Query made to DB:
create table `tabContact Phone` (
			name varchar(140) primary key,
			creation datetime(6),
			modified datetime(6),
			modified_by varchar(140),
			owner varchar(140),
			docstatus int(1) not null default '0',
			idx int(8) not null default '0',
			`phone` varchar(140),
`is_primary_phone` int(1) not null default 0,
`is_primary_mobile_no` int(1) not null default 0,
parent varchar(140),
parentfield varchar(140),
parenttype varchar(140),
index parent(parent))
			ENGINE=InnoDB
			ROW_FORMAT=DYNAMIC
			CHARACTER SET=utf8mb4
			COLLATE=utf8mb4_unicode_ci
2023-08-22 17:45:54,276 WARNING database DDL Query made to DB:
create table `tabReview Level` (
			name varchar(140) primary key,
			creation datetime(6),
			modified datetime(6),
			modified_by varchar(140),
			owner varchar(140),
			docstatus int(1) not null default '0',
			idx int(8) not null default '0',
			`level_name` varchar(140) unique,
`role` varchar(140) unique,
`review_points` int(11) not null default 0,
parent varchar(140),
parentfield varchar(140),
parenttype varchar(140),
index parent(parent))
			ENGINE=InnoDB
			ROW_FORMAT=DYNAMIC
			CHARACTER SET=utf8mb4
			COLLATE=utf8mb4_unicode_ci
2023-08-22 17:45:54,463 WARNING database DDL Query made to DB:
create sequence if not exists energy_point_log_id_seq nocache nocycle
2023-08-22 17:45:54,521 WARNING database DDL Query made to DB:
create table `tabEnergy Point Log` (
			name bigint primary key,
			creation datetime(6),
			modified datetime(6),
			modified_by varchar(140),
			owner varchar(140),
			docstatus int(1) not null default '0',
			idx int(8) not null default '0',
			`user` varchar(140),
`type` varchar(140),
`points` int(11) not null default 0,
`rule` varchar(140),
`reference_doctype` varchar(140),
`reference_name` varchar(140),
`reverted` int(1) not null default 0,
`revert_of` varchar(140),
`reason` text,
`seen` int(1) not null default 0,
`_user_tags` text,
`_comments` text,
`_assign` text,
`_liked_by` text,
index `user`(`user`),
index `reference_name`(`reference_name`),
index modified(modified))
			ENGINE=InnoDB
			ROW_FORMAT=DYNAMIC
			CHARACTER SET=utf8mb4
			COLLATE=utf8mb4_unicode_ci
2023-08-22 17:45:54,644 WARNING database DDL Query made to DB:
create table `tabEnergy Point Rule` (
			name varchar(140) primary key,
			creation datetime(6),
			modified datetime(6),
			modified_by varchar(140),
			owner varchar(140),
			docstatus int(1) not null default '0',
			idx int(8) not null default '0',
			`enabled` int(1) not null default 1,
`rule_name` varchar(140) unique,
`reference_doctype` varchar(140),
`for_doc_event` varchar(140) default 'Custom',
`field_to_check` varchar(140),
`points` int(11) not null default 0,
`for_assigned_users` int(1) not null default 0,
`user_field` varchar(140),
`multiplier_field` varchar(140),
`max_points` int(11) not null default 0,
`apply_only_once` int(1) not null default 0,
`condition` longtext,
`_user_tags` text,
`_comments` text,
`_assign` text,
`_liked_by` text,
index modified(modified))
			ENGINE=InnoDB
			ROW_FORMAT=DYNAMIC
			CHARACTER SET=utf8mb4
			COLLATE=utf8mb4_unicode_ci
2023-08-22 17:45:54,768 WARNING database DDL Query made to DB:
create table `tabMilestone Tracker` (
			name varchar(140) primary key,
			creation datetime(6),
			modified datetime(6),
			modified_by varchar(140),
			owner varchar(140),
			docstatus int(1) not null default '0',
			idx int(8) not null default '0',
			`document_type` varchar(140) unique,
`track_field` varchar(140),
`disabled` int(1) not null default 0,
`_user_tags` text,
`_comments` text,
`_assign` text,
`_liked_by` text,
index modified(modified))
			ENGINE=InnoDB
			ROW_FORMAT=DYNAMIC
			CHARACTER SET=utf8mb4
			COLLATE=utf8mb4_unicode_ci
2023-08-22 17:45:54,941 WARNING database DDL Query made to DB:
create table `tabAssignment Rule Day` (
			name varchar(140) primary key,
			creation datetime(6),
			modified datetime(6),
			modified_by varchar(140),
			owner varchar(140),
			docstatus int(1) not null default '0',
			idx int(8) not null default '0',
			`day` varchar(140),
parent varchar(140),
parentfield varchar(140),
parenttype varchar(140),
index parent(parent))
			ENGINE=InnoDB
			ROW_FORMAT=DYNAMIC
			CHARACTER SET=utf8mb4
			COLLATE=utf8mb4_unicode_ci
2023-08-22 17:45:55,013 WARNING database DDL Query made to DB:
create table `tabAssignment Rule` (
			name varchar(140) primary key,
			creation datetime(6),
			modified datetime(6),
			modified_by varchar(140),
			owner varchar(140),
			docstatus int(1) not null default '0',
			idx int(8) not null default '0',
			`document_type` varchar(140),
`due_date_based_on` varchar(140),
`priority` int(11) not null default 0,
`disabled` int(1) not null default 0,
`description` text default 'Automatic Assignment',
`assign_condition` longtext,
`unassign_condition` longtext,
`close_condition` longtext,
`rule` varchar(140),
`field` varchar(140),
`last_user` varchar(140),
`_user_tags` text,
`_comments` text,
`_assign` text,
`_liked_by` text,
index modified(modified))
			ENGINE=InnoDB
			ROW_FORMAT=DYNAMIC
			CHARACTER SET=utf8mb4
			COLLATE=utf8mb4_unicode_ci
2023-08-22 17:45:55,076 WARNING database DDL Query made to DB:
create table `tabReminder` (
			name varchar(140) primary key,
			creation datetime(6),
			modified datetime(6),
			modified_by varchar(140),
			owner varchar(140),
			docstatus int(1) not null default '0',
			idx int(8) not null default '0',
			`user` varchar(140),
`remind_at` datetime(6),
`description` text,
`reminder_doctype` varchar(140),
`reminder_docname` varchar(140),
`notified` int(1) not null default 0,
`_user_tags` text,
`_comments` text,
`_assign` text,
`_liked_by` text,
index `user`(`user`),
index `remind_at`(`remind_at`),
index modified(modified))
			ENGINE=InnoDB
			ROW_FORMAT=DYNAMIC
			CHARACTER SET=utf8mb4
			COLLATE=utf8mb4_unicode_ci
2023-08-22 17:45:55,139 WARNING database DDL Query made to DB:
create table `tabMilestone` (
			name varchar(140) primary key,
			creation datetime(6),
			modified datetime(6),
			modified_by varchar(140),
			owner varchar(140),
			docstatus int(1) not null default '0',
			idx int(8) not null default '0',
			`reference_type` varchar(140),
`reference_name` varchar(140),
`track_field` varchar(140),
`value` varchar(140),
`milestone_tracker` varchar(140),
`_user_tags` text,
`_comments` text,
`_assign` text,
`_liked_by` text,
index `reference_type`(`reference_type`),
index modified(modified))
			ENGINE=InnoDB
			ROW_FORMAT=DYNAMIC
			CHARACTER SET=utf8mb4
			COLLATE=utf8mb4_unicode_ci
2023-08-22 17:45:55,200 WARNING database DDL Query made to DB:
ALTER TABLE `tabMilestone`
				ADD INDEX `reference_type_reference_name_index`(reference_type, reference_name)
2023-08-22 17:45:55,257 WARNING database DDL Query made to DB:
create table `tabAuto Repeat Day` (
			name varchar(140) primary key,
			creation datetime(6),
			modified datetime(6),
			modified_by varchar(140),
			owner varchar(140),
			docstatus int(1) not null default '0',
			idx int(8) not null default '0',
			`day` varchar(140),
parent varchar(140),
parentfield varchar(140),
parenttype varchar(140),
index parent(parent))
			ENGINE=InnoDB
			ROW_FORMAT=DYNAMIC
			CHARACTER SET=utf8mb4
			COLLATE=utf8mb4_unicode_ci
2023-08-22 17:45:55,326 WARNING database DDL Query made to DB:
create table `tabAssignment Rule User` (
			name varchar(140) primary key,
			creation datetime(6),
			modified datetime(6),
			modified_by varchar(140),
			owner varchar(140),
			docstatus int(1) not null default '0',
			idx int(8) not null default '0',
			`user` varchar(140),
parent varchar(140),
parentfield varchar(140),
parenttype varchar(140),
index parent(parent))
			ENGINE=InnoDB
			ROW_FORMAT=DYNAMIC
			CHARACTER SET=utf8mb4
			COLLATE=utf8mb4_unicode_ci
2023-08-22 17:45:55,409 WARNING database DDL Query made to DB:
create table `tabAuto Repeat` (
			name varchar(140) primary key,
			creation datetime(6),
			modified datetime(6),
			modified_by varchar(140),
			owner varchar(140),
			docstatus int(1) not null default '0',
			idx int(8) not null default '0',
			`disabled` int(1) not null default 0,
`reference_doctype` varchar(140),
`reference_document` varchar(140),
`submit_on_creation` int(1) not null default 0,
`start_date` date,
`end_date` date,
`frequency` varchar(140),
`repeat_on_day` int(11) not null default 0,
`repeat_on_last_day` int(1) not null default 0,
`next_schedule_date` date,
`notify_by_email` int(1) not null default 0,
`recipients` text,
`template` varchar(140),
`subject` varchar(140),
`message` text default 'Please find attached {{ doc.doctype }} #{{ doc.name }}',
`print_format` varchar(140),
`status` varchar(140),
`_user_tags` text,
`_comments` text,
`_assign` text,
`_liked_by` text,
index `next_schedule_date`(`next_schedule_date`),
index modified(modified))
			ENGINE=InnoDB
			ROW_FORMAT=DYNAMIC
			CHARACTER SET=utf8mb4
			COLLATE=utf8mb4_unicode_ci
2023-08-29 17:10:58,986 WARNING database DDL Query made to DB:
create table `tabBanner` (
			name varchar(140) primary key,
			creation datetime(6),
			modified datetime(6),
			modified_by varchar(140),
			owner varchar(140),
			docstatus int(1) not null default '0',
			idx int(8) not null default '0',
			`title` varchar(140),
`_user_tags` text,
`_comments` text,
`_assign` text,
`_liked_by` text,
index modified(modified))
			ENGINE=InnoDB
			ROW_FORMAT=DYNAMIC
			CHARACTER SET=utf8mb4
			COLLATE=utf8mb4_unicode_ci
2023-08-29 17:19:50,108 WARNING database DDL Query made to DB:
create table `tabbanner` (
			name varchar(140) primary key,
			creation datetime(6),
			modified datetime(6),
			modified_by varchar(140),
			owner varchar(140),
			docstatus int(1) not null default '0',
			idx int(8) not null default '0',
			`title` varchar(140),
`_user_tags` text,
`_comments` text,
`_assign` text,
`_liked_by` text,
index modified(modified))
			ENGINE=InnoDB
			ROW_FORMAT=DYNAMIC
			CHARACTER SET=utf8mb4
			COLLATE=utf8mb4_unicode_ci
2023-08-30 18:15:12,888 WARNING database DDL Query made to DB:
create table `tabProduct` (
			name varchar(140) primary key,
			creation datetime(6),
			modified datetime(6),
			modified_by varchar(140),
			owner varchar(140),
			docstatus int(1) not null default '0',
			idx int(8) not null default '0',
			`product_name` varchar(140),
`_user_tags` text,
`_comments` text,
`_assign` text,
`_liked_by` text,
index modified(modified))
			ENGINE=InnoDB
			ROW_FORMAT=DYNAMIC
			CHARACTER SET=utf8mb4
			COLLATE=utf8mb4_unicode_ci
2023-08-30 18:21:02,097 WARNING database DDL Query made to DB:
ALTER TABLE `tabProduct` ADD COLUMN `attach_image_phef` text
2023-08-30 18:21:16,162 WARNING database DDL Query made to DB:
ALTER TABLE `tabProduct` ADD COLUMN `currency_ovmx` decimal(21,9) not null default 0
2023-08-30 18:21:28,612 WARNING database DDL Query made to DB:
ALTER TABLE `tabProduct` MODIFY `currency_ovmx` decimal(21,9) not null default 0
2023-08-30 18:28:59,746 WARNING database DDL Query made to DB:
ALTER TABLE `tabProduct` MODIFY `currency_ovmx` decimal(21,9) not null default 0
2023-08-30 18:37:03,163 WARNING database DDL Query made to DB:
ALTER TABLE `tabProduct` ADD COLUMN `product_image` text
2023-08-30 18:37:03,168 WARNING database DDL Query made to DB:
ALTER TABLE `tabProduct` MODIFY `currency_ovmx` decimal(21,9) not null default 0
2023-08-30 18:37:13,938 WARNING database DDL Query made to DB:
ALTER TABLE `tabProduct` ADD COLUMN `price` decimal(21,9) not null default 0
2023-08-30 23:25:03,796 WARNING database DDL Query made to DB:
ALTER TABLE `tabProduct` MODIFY `price` decimal(21,9) not null default 0
2023-08-30 23:25:51,171 WARNING database DDL Query made to DB:
ALTER TABLE `tabProduct` MODIFY `price` decimal(21,9) not null default 0
2023-08-30 23:26:25,724 WARNING database DDL Query made to DB:
ALTER TABLE `tabProduct` MODIFY `price` decimal(21,9) not null default 0
2023-08-30 23:28:12,182 WARNING database DDL Query made to DB:
ALTER TABLE `tabProduct` MODIFY `price` decimal(21,9) not null default 0
2023-08-31 10:56:32,837 WARNING database DDL Query made to DB:
ALTER TABLE `tabProduct` ADD COLUMN `route` varchar(140)
2023-08-31 10:56:32,842 WARNING database DDL Query made to DB:
ALTER TABLE `tabProduct` MODIFY `price` decimal(21,9) not null default 0
2023-08-31 10:57:33,055 WARNING database DDL Query made to DB:
ALTER TABLE `tabProduct` MODIFY `price` decimal(21,9) not null default 0
2023-08-31 10:58:05,532 WARNING database DDL Query made to DB:
ALTER TABLE `tabProduct` MODIFY `price` decimal(21,9) not null default 0
2023-08-31 10:58:21,902 WARNING database DDL Query made to DB:
ALTER TABLE `tabProduct` MODIFY `price` decimal(21,9) not null default 0
2023-08-31 11:28:07,806 WARNING database DDL Query made to DB:
ALTER TABLE `tabBanner` ADD COLUMN `banner_image` text, ADD COLUMN `route` varchar(140)
2023-08-31 12:38:39,308 WARNING database DDL Query made to DB:
ALTER TABLE `tabProduct` ADD COLUMN `description` text
2023-08-31 12:38:39,314 WARNING database DDL Query made to DB:
ALTER TABLE `tabProduct` MODIFY `price` decimal(21,9) not null default 0
2023-08-31 12:39:54,576 WARNING database DDL Query made to DB:
ALTER TABLE `tabProduct` ADD COLUMN `additional_information` longtext
2023-08-31 12:39:54,587 WARNING database DDL Query made to DB:
ALTER TABLE `tabProduct` MODIFY `price` decimal(21,9) not null default 0
2023-09-02 18:42:09,933 WARNING database DDL Query made to DB:
create table `tabProduct Images` (
			name varchar(140) primary key,
			creation datetime(6),
			modified datetime(6),
			modified_by varchar(140),
			owner varchar(140),
			docstatus int(1) not null default '0',
			idx int(8) not null default '0',
			`image1` text,
`image2` text,
`image3` text,
`image4` text,
`_user_tags` text,
`_comments` text,
`_assign` text,
`_liked_by` text,
index modified(modified))
			ENGINE=InnoDB
			ROW_FORMAT=DYNAMIC
			CHARACTER SET=utf8mb4
			COLLATE=utf8mb4_unicode_ci
2023-09-02 18:53:55,673 WARNING database DDL Query made to DB:
alter table `tabProduct` add column parent varchar(140)
2023-09-02 18:53:55,705 WARNING database DDL Query made to DB:
alter table `tabProduct` add column parenttype varchar(140)
2023-09-02 18:53:55,737 WARNING database DDL Query made to DB:
alter table `tabProduct` add column parentfield varchar(140)
2023-09-02 18:53:55,813 WARNING database DDL Query made to DB:
ALTER TABLE `tabProduct` MODIFY `price` decimal(21,9) not null default 0
2023-09-02 18:58:14,351 WARNING database DDL Query made to DB:
ALTER TABLE `tabProduct` MODIFY `price` decimal(21,9) not null default 0
2023-09-02 18:58:26,652 WARNING database DDL Query made to DB:
alter table `tabProduct Images` add column parent varchar(140)
2023-09-02 18:58:26,686 WARNING database DDL Query made to DB:
alter table `tabProduct Images` add column parenttype varchar(140)
2023-09-02 18:58:26,717 WARNING database DDL Query made to DB:
alter table `tabProduct Images` add column parentfield varchar(140)
2023-09-02 18:58:57,960 WARNING database DDL Query made to DB:
ALTER TABLE `tabProduct` MODIFY `price` decimal(21,9) not null default 0
2023-09-04 12:04:54,954 WARNING database DDL Query made to DB:
ALTER TABLE `tabProduct Images` ADD COLUMN `product` varchar(140)
2023-09-04 12:16:30,236 WARNING database DDL Query made to DB:
ALTER TABLE `tabProduct` MODIFY `price` decimal(21,9) not null default 0
2023-09-04 12:35:03,374 WARNING database DDL Query made to DB:
ALTER TABLE `tabProduct` ADD COLUMN `amended_from` varchar(140)
2023-09-04 12:35:03,379 WARNING database DDL Query made to DB:
ALTER TABLE `tabProduct` MODIFY `price` decimal(21,9) not null default 0
2023-09-04 12:35:52,926 WARNING database DDL Query made to DB:
ALTER TABLE `tabProduct` MODIFY `price` decimal(21,9) not null default 0
2023-09-04 12:39:05,165 WARNING database DDL Query made to DB:
ALTER TABLE `tabProduct` MODIFY `price` decimal(21,9) not null default 0
2023-09-04 12:50:57,547 WARNING database DDL Query made to DB:
ALTER TABLE `tabProduct` MODIFY `price` decimal(21,9) not null default 0
2023-09-04 13:02:03,339 WARNING database DDL Query made to DB:
ALTER TABLE `tabProduct` MODIFY `price` decimal(21,9) not null default 0
2023-09-04 13:02:38,326 WARNING database DDL Query made to DB:
ALTER TABLE `tabProduct Images` ADD COLUMN `title` varchar(140)
2023-09-04 13:04:10,312 WARNING database DDL Query made to DB:
ALTER TABLE `tabProduct` MODIFY `price` decimal(21,9) not null default 0
2023-09-04 15:36:54,341 WARNING database DDL Query made to DB:
create table `tabCart` (
			name varchar(140) primary key,
			creation datetime(6),
			modified datetime(6),
			modified_by varchar(140),
			owner varchar(140),
			docstatus int(1) not null default '0',
			idx int(8) not null default '0',
			`user` varchar(140),
`_user_tags` text,
`_comments` text,
`_assign` text,
`_liked_by` text,
index modified(modified))
			ENGINE=InnoDB
			ROW_FORMAT=DYNAMIC
			CHARACTER SET=utf8mb4
			COLLATE=utf8mb4_unicode_ci
2023-09-04 15:45:48,091 WARNING database DDL Query made to DB:
ALTER TABLE `tabCart` ADD COLUMN `product` varchar(140), ADD COLUMN `quantity` int(11) not null default 0, ADD COLUMN `product_price` decimal(21,9) not null default 0, ADD COLUMN `total_price` decimal(21,9) not null default 0
2023-09-04 15:55:46,700 WARNING database DDL Query made to DB:
ALTER TABLE `tabCart` ADD COLUMN `created_at` datetime(6), ADD COLUMN `updated_at` datetime(6)
2023-09-04 15:56:02,413 WARNING database DDL Query made to DB:
ALTER TABLE `tabCart` ADD COLUMN `is_active` int(1) not null default 0
2023-09-04 15:56:50,888 WARNING database DDL Query made to DB:
ALTER TABLE `tabCart` ADD COLUMN `cart_total` decimal(21,9) not null default 0
2023-09-04 15:57:12,757 WARNING database DDL Query made to DB:
ALTER TABLE `tabCart` MODIFY `cart_total` decimal(21,9) not null default 0
2023-09-04 15:57:40,877 WARNING database DDL Query made to DB:
ALTER TABLE `tabCart` MODIFY `cart_total` decimal(21,9) not null default 0
2023-09-04 16:40:45,473 WARNING database DDL Query made to DB:
create table `tabCart Item` (
			name varchar(140) primary key,
			creation datetime(6),
			modified datetime(6),
			modified_by varchar(140),
			owner varchar(140),
			docstatus int(1) not null default '0',
			idx int(8) not null default '0',
			`title` varchar(140),
parent varchar(140),
parentfield varchar(140),
parenttype varchar(140),
index parent(parent))
			ENGINE=InnoDB
			ROW_FORMAT=DYNAMIC
			CHARACTER SET=utf8mb4
			COLLATE=utf8mb4_unicode_ci
2023-09-04 16:43:02,366 WARNING database DDL Query made to DB:
ALTER TABLE `tabCart Item` ADD COLUMN `product` varchar(140)
2023-09-04 17:09:08,207 WARNING database DDL Query made to DB:
ALTER TABLE `tabCart` MODIFY `cart_total` decimal(21,9) not null default 0
2023-09-04 17:16:22,181 WARNING database DDL Query made to DB:
ALTER TABLE `tabCart` ADD COLUMN `shipping_address` text
2023-09-04 17:16:22,201 WARNING database DDL Query made to DB:
ALTER TABLE `tabCart` MODIFY `cart_total` decimal(21,9) not null default 0
2023-09-04 17:16:42,493 WARNING database DDL Query made to DB:
ALTER TABLE `tabCart` ADD COLUMN `billing_address` text
2023-09-04 17:16:42,512 WARNING database DDL Query made to DB:
ALTER TABLE `tabCart` MODIFY `cart_total` decimal(21,9) not null default 0
2023-09-08 17:21:31,919 WARNING database DDL Query made to DB:
ALTER TABLE `tabCart Item` ADD COLUMN `quantity` int(11) not null default 0
2023-09-08 17:23:02,492 WARNING database DDL Query made to DB:
ALTER TABLE `tabCart Item` ADD COLUMN `cart` varchar(140)
2023-09-11 11:55:56,851 WARNING database DDL Query made to DB:
ALTER TABLE `tabCart` MODIFY `cart_total` decimal(21,9) not null default 0
2023-09-11 14:20:58,345 WARNING database DDL Query made to DB:
ALTER TABLE `tabProduct` MODIFY `price` decimal(21,9) not null default 0
2023-09-11 14:58:34,451 WARNING database DDL Query made to DB:
create table `tabCart` (
			name varchar(140) primary key,
			creation datetime(6),
			modified datetime(6),
			modified_by varchar(140),
			owner varchar(140),
			docstatus int(1) not null default '0',
			idx int(8) not null default '0',
			`user` varchar(140),
`cart_total` decimal(21,9) not null default 0,
`craeted_at` datetime(6),
`updated_at` datetime(6),
`_user_tags` text,
`_comments` text,
`_assign` text,
`_liked_by` text,
index modified(modified))
			ENGINE=InnoDB
			ROW_FORMAT=DYNAMIC
			CHARACTER SET=utf8mb4
			COLLATE=utf8mb4_unicode_ci
2023-09-11 14:59:44,068 WARNING database DDL Query made to DB:
ALTER TABLE `tabCart` ADD COLUMN `shipping_address` text
2023-09-11 14:59:44,074 WARNING database DDL Query made to DB:
ALTER TABLE `tabCart` MODIFY `cart_total` decimal(21,9) not null default 0
2023-09-11 15:00:13,249 WARNING database DDL Query made to DB:
ALTER TABLE `tabCart` ADD COLUMN `billing_address` text
2023-09-11 15:00:13,255 WARNING database DDL Query made to DB:
ALTER TABLE `tabCart` MODIFY `cart_total` decimal(21,9) not null default 0
2023-09-11 15:00:51,236 WARNING database DDL Query made to DB:
ALTER TABLE `tabCart` MODIFY `cart_total` decimal(21,9) not null default 0
2023-09-11 15:06:18,538 WARNING database DDL Query made to DB:
ALTER TABLE `tabCart` ADD COLUMN `is_active` int(1) not null default 0
2023-09-11 15:06:18,568 WARNING database DDL Query made to DB:
ALTER TABLE `tabCart` MODIFY `cart_total` decimal(21,9) not null default 0
2023-09-11 16:57:54,319 WARNING database DDL Query made to DB:
ALTER TABLE `tabCart` MODIFY `cart_total` decimal(21,9) not null default 0
2023-09-11 17:44:39,512 WARNING database DDL Query made to DB:
ALTER TABLE `tabCart` MODIFY `cart_total` decimal(21,9) not null default 0
2023-09-11 18:36:07,802 WARNING database DDL Query made to DB:
ALTER TABLE `tabCart` ADD COLUMN `created_at` datetime(6)
2023-09-11 18:36:07,808 WARNING database DDL Query made to DB:
ALTER TABLE `tabCart` MODIFY `cart_total` decimal(21,9) not null default 0
2023-09-11 18:37:08,977 WARNING database DDL Query made to DB:
ALTER TABLE `tabCart` MODIFY `is_active` int(1) not null default 1, MODIFY `cart_total` decimal(21,9) not null default 0
2023-09-16 15:20:10,865 WARNING database DDL Query made to DB:
create table `tabOrder` (
			name varchar(140) primary key,
			creation datetime(6),
			modified datetime(6),
			modified_by varchar(140),
			owner varchar(140),
			docstatus int(1) not null default '0',
			idx int(8) not null default '0',
			`title` varchar(140),
`_user_tags` text,
`_comments` text,
`_assign` text,
`_liked_by` text,
index modified(modified))
			ENGINE=InnoDB
			ROW_FORMAT=DYNAMIC
			CHARACTER SET=utf8mb4
			COLLATE=utf8mb4_unicode_ci
2023-09-16 15:21:19,228 WARNING database DDL Query made to DB:
ALTER TABLE `tabOrder` ADD COLUMN `product` varchar(140)
2023-09-16 15:22:17,114 WARNING database DDL Query made to DB:
ALTER TABLE `tabOrder` ADD COLUMN `user` varchar(140)
2023-09-16 15:22:59,536 WARNING database DDL Query made to DB:
ALTER TABLE `tabOrder` ADD COLUMN `cart` varchar(140)
2023-09-16 15:23:45,152 WARNING database DDL Query made to DB:
ALTER TABLE `tabOrder` ADD COLUMN `shipping_address` text
2023-09-16 15:25:43,308 WARNING database DDL Query made to DB:
ALTER TABLE `tabOrder` ADD COLUMN `float_jxpu` decimal(21,9) not null default 0
2023-09-16 15:25:56,959 WARNING database DDL Query made to DB:
ALTER TABLE `tabOrder` ADD COLUMN `order_total_amount` decimal(21,9) not null default 0
2023-09-16 15:27:42,234 WARNING database DDL Query made to DB:
ALTER TABLE `tabOrder` MODIFY `order_total_amount` decimal(21,9) not null default 0
2023-09-16 15:42:47,863 WARNING database DDL Query made to DB:
ALTER TABLE `tabOrder` ADD COLUMN `is_payment_successful` int(1) not null default 0
2023-09-16 15:42:47,869 WARNING database DDL Query made to DB:
ALTER TABLE `tabOrder` MODIFY `order_total_amount` decimal(21,9) not null default 0
2023-09-16 15:47:50,397 WARNING database DDL Query made to DB:
ALTER TABLE `tabOrder` ADD COLUMN `status` varchar(140)
2023-09-16 15:47:50,403 WARNING database DDL Query made to DB:
ALTER TABLE `tabOrder` MODIFY `order_total_amount` decimal(21,9) not null default 0
2023-09-16 15:48:45,629 WARNING database DDL Query made to DB:
create table `tabOrder Item` (
			name varchar(140) primary key,
			creation datetime(6),
			modified datetime(6),
			modified_by varchar(140),
			owner varchar(140),
			docstatus int(1) not null default '0',
			idx int(8) not null default '0',
			`order` varchar(140),
parent varchar(140),
parentfield varchar(140),
parenttype varchar(140),
index parent(parent))
			ENGINE=InnoDB
			ROW_FORMAT=DYNAMIC
			CHARACTER SET=utf8mb4
			COLLATE=utf8mb4_unicode_ci
2023-09-16 15:49:18,045 WARNING database DDL Query made to DB:
ALTER TABLE `tabOrder Item` ADD COLUMN `product` varchar(140)
2023-09-16 15:49:56,018 WARNING database DDL Query made to DB:
ALTER TABLE `tabOrder Item` ADD COLUMN `int_gpcn` int(11) not null default 0
2023-09-16 15:50:06,547 WARNING database DDL Query made to DB:
ALTER TABLE `tabOrder Item` ADD COLUMN `quantity` int(11) not null default 0
2023-09-16 15:50:29,379 WARNING database DDL Query made to DB:
ALTER TABLE `tabOrder Item` ADD COLUMN `price` decimal(21,9) not null default 0
2023-09-16 15:51:53,953 WARNING database DDL Query made to DB:
ALTER TABLE `tabOrder` MODIFY `order_total_amount` decimal(21,9) not null default 0
2023-09-16 15:52:28,528 WARNING database DDL Query made to DB:
create table `tabPayment` (
			name varchar(140) primary key,
			creation datetime(6),
			modified datetime(6),
			modified_by varchar(140),
			owner varchar(140),
			docstatus int(1) not null default '0',
			idx int(8) not null default '0',
			`title` varchar(140),
`_user_tags` text,
`_comments` text,
`_assign` text,
`_liked_by` text,
index modified(modified))
			ENGINE=InnoDB
			ROW_FORMAT=DYNAMIC
			CHARACTER SET=utf8mb4
			COLLATE=utf8mb4_unicode_ci
2023-09-16 15:52:50,730 WARNING database DDL Query made to DB:
ALTER TABLE `tabPayment` ADD COLUMN `order` varchar(140)
2023-09-16 15:53:22,063 WARNING database DDL Query made to DB:
ALTER TABLE `tabPayment` ADD COLUMN `razorpay_order_id` varchar(140)
2023-09-16 15:54:00,963 WARNING database DDL Query made to DB:
ALTER TABLE `tabPayment` ADD COLUMN `status` varchar(140)
2023-09-16 16:36:06,600 WARNING database DDL Query made to DB:
ALTER TABLE `tabPayment` ADD COLUMN `json_soja` json
2023-09-16 16:36:15,335 WARNING database DDL Query made to DB:
ALTER TABLE `tabPayment` ADD COLUMN `response_data` json
2023-09-16 16:36:35,077 WARNING database DDL Query made to DB:
create table `tabTransaction` (
			name varchar(140) primary key,
			creation datetime(6),
			modified datetime(6),
			modified_by varchar(140),
			owner varchar(140),
			docstatus int(1) not null default '0',
			idx int(8) not null default '0',
			`title` varchar(140),
`_user_tags` text,
`_comments` text,
`_assign` text,
`_liked_by` text,
index modified(modified))
			ENGINE=InnoDB
			ROW_FORMAT=DYNAMIC
			CHARACTER SET=utf8mb4
			COLLATE=utf8mb4_unicode_ci
2023-09-16 16:36:42,747 WARNING database DDL Query made to DB:
alter table `tabTransaction` add column parent varchar(140)
2023-09-16 16:36:42,768 WARNING database DDL Query made to DB:
alter table `tabTransaction` add column parenttype varchar(140)
2023-09-16 16:36:42,791 WARNING database DDL Query made to DB:
alter table `tabTransaction` add column parentfield varchar(140)
2023-09-16 16:37:10,043 WARNING database DDL Query made to DB:
ALTER TABLE `tabTransaction` ADD COLUMN `payment` varchar(140)
2023-09-16 16:37:35,884 WARNING database DDL Query made to DB:
ALTER TABLE `tabTransaction` ADD COLUMN `order` varchar(140)
2023-09-16 16:37:42,960 WARNING database DDL Query made to DB:
ALTER TABLE `tabTransaction` ADD COLUMN `data_rfyb` varchar(140)
2023-09-16 16:37:58,006 WARNING database DDL Query made to DB:
ALTER TABLE `tabTransaction` ADD COLUMN `razorpay_order_id` varchar(140)
2023-09-16 16:42:44,662 WARNING database DDL Query made to DB:
ALTER TABLE `tabTransaction` ADD COLUMN `amount` varchar(140)
2023-09-16 16:44:19,515 WARNING database DDL Query made to DB:
ALTER TABLE `tabTransaction` ADD COLUMN `method` varchar(140)
2023-09-16 16:45:49,438 WARNING database DDL Query made to DB:
ALTER TABLE `tabTransaction` ADD COLUMN `card_holder_name` varchar(140)
2023-09-16 16:46:06,548 WARNING database DDL Query made to DB:
ALTER TABLE `tabTransaction` ADD COLUMN `card_issuer` varchar(140)
2023-09-16 16:46:25,093 WARNING database DDL Query made to DB:
ALTER TABLE `tabTransaction` ADD COLUMN `card_last_4_digit` int(11) not null default 0
2023-09-16 16:46:46,341 WARNING database DDL Query made to DB:
ALTER TABLE `tabTransaction` ADD COLUMN `email` varchar(140)
2023-09-16 16:47:06,206 WARNING database DDL Query made to DB:
ALTER TABLE `tabTransaction` ADD COLUMN `phone_number` int(11) not null default 0
2023-09-16 16:47:23,628 WARNING database DDL Query made to DB:
ALTER TABLE `tabTransaction` ADD COLUMN `response_data` json
2023-09-16 16:48:41,154 WARNING database DDL Query made to DB:
ALTER TABLE `tabPayment` MODIFY `response_data` json
