2023-08-22 17:45:42,090 WARNING database DDL Query made to DB:
create table `tabWorkflow Action` (
			name varchar(140) primary key,
			creation datetime(6),
			modified datetime(6),
			modified_by varchar(140),
			owner varchar(140),
			docstatus int(1) not null default '0',
			idx int(8) not null default '0',
			`status` varchar(140),
`reference_name` varchar(140),
`reference_doctype` varchar(140),
`workflow_state` varchar(140),
`completed_by_role` varchar(140),
`completed_by` varchar(140),
`user` varchar(140),
`_user_tags` text,
`_comments` text,
`_assign` text,
`_liked_by` text,
index `user`(`user`),
index modified(modified))
			ENGINE=InnoDB
			ROW_FORMAT=DYNAMIC
			CHARACTER SET=utf8mb4
			COLLATE=utf8mb4_unicode_ci
2023-08-22 17:45:42,164 WARNING database DDL Query made to DB:
ALTER TABLE `tabWorkflow Action`
				ADD INDEX `reference_name_reference_doctype_status_index`(reference_name, reference_doctype, status)
2023-08-22 17:45:42,257 WARNING database DDL Query made to DB:
create table `tabWorkflow Document State` (
			name varchar(140) primary key,
			creation datetime(6),
			modified datetime(6),
			modified_by varchar(140),
			owner varchar(140),
			docstatus int(1) not null default '0',
			idx int(8) not null default '0',
			`state` varchar(140),
`doc_status` varchar(140),
`update_field` varchar(140),
`update_value` varchar(140),
`is_optional_state` int(1) not null default 0,
`next_action_email_template` varchar(140),
`allow_edit` varchar(140),
`message` text,
parent varchar(140),
parentfield varchar(140),
parenttype varchar(140),
index parent(parent))
			ENGINE=InnoDB
			ROW_FORMAT=DYNAMIC
			CHARACTER SET=utf8mb4
			COLLATE=utf8mb4_unicode_ci
2023-08-22 17:45:42,363 WARNING database DDL Query made to DB:
create table `tabWorkflow Action Master` (
			name varchar(140) primary key,
			creation datetime(6),
			modified datetime(6),
			modified_by varchar(140),
			owner varchar(140),
			docstatus int(1) not null default '0',
			idx int(8) not null default '0',
			`workflow_action_name` varchar(140) unique,
`_user_tags` text,
`_comments` text,
`_assign` text,
`_liked_by` text,
index modified(modified))
			ENGINE=InnoDB
			ROW_FORMAT=DYNAMIC
			CHARACTER SET=utf8mb4
			COLLATE=utf8mb4_unicode_ci
2023-08-22 17:45:42,465 WARNING database DDL Query made to DB:
create table `tabWorkflow State` (
			name varchar(140) primary key,
			creation datetime(6),
			modified datetime(6),
			modified_by varchar(140),
			owner varchar(140),
			docstatus int(1) not null default '0',
			idx int(8) not null default '0',
			`workflow_state_name` varchar(140) unique,
`icon` varchar(140),
`style` varchar(140),
`_user_tags` text,
`_comments` text,
`_assign` text,
`_liked_by` text,
index modified(modified))
			ENGINE=InnoDB
			ROW_FORMAT=DYNAMIC
			CHARACTER SET=utf8mb4
			COLLATE=utf8mb4_unicode_ci
2023-08-22 17:45:42,566 WARNING database DDL Query made to DB:
create table `tabWorkflow` (
			name varchar(140) primary key,
			creation datetime(6),
			modified datetime(6),
			modified_by varchar(140),
			owner varchar(140),
			docstatus int(1) not null default '0',
			idx int(8) not null default '0',
			`workflow_name` varchar(140) unique,
`document_type` varchar(140),
`is_active` int(1) not null default 0,
`override_status` int(1) not null default 0,
`send_email_alert` int(1) not null default 0,
`workflow_state_field` varchar(140) default 'workflow_state',
`workflow_data` json,
`_user_tags` text,
`_comments` text,
`_assign` text,
`_liked_by` text,
index modified(modified))
			ENGINE=InnoDB
			ROW_FORMAT=DYNAMIC
			CHARACTER SET=utf8mb4
			COLLATE=utf8mb4_unicode_ci
2023-08-22 17:45:42,646 WARNING database DDL Query made to DB:
create table `tabWorkflow Action Permitted Role` (
			name varchar(140) primary key,
			creation datetime(6),
			modified datetime(6),
			modified_by varchar(140),
			owner varchar(140),
			docstatus int(1) not null default '0',
			idx int(8) not null default '0',
			`role` varchar(140),
parent varchar(140),
parentfield varchar(140),
parenttype varchar(140),
index parent(parent))
			ENGINE=InnoDB
			ROW_FORMAT=DYNAMIC
			CHARACTER SET=utf8mb4
			COLLATE=utf8mb4_unicode_ci
2023-08-22 17:45:42,869 WARNING database DDL Query made to DB:
create table `tabEmail Account` (
			name varchar(140) primary key,
			creation datetime(6),
			modified datetime(6),
			modified_by varchar(140),
			owner varchar(140),
			docstatus int(1) not null default '0',
			idx int(8) not null default '0',
			`email_id` varchar(140) unique,
`email_account_name` varchar(140) unique,
`domain` varchar(140),
`service` varchar(140),
`auth_method` varchar(140) default 'Basic',
`password` text,
`awaiting_password` int(1) not null default 0,
`ascii_encode_password` int(1) not null default 0,
`connected_app` varchar(140),
`connected_user` varchar(140),
`login_id_is_different` int(1) not null default 0,
`login_id` varchar(140),
`enable_incoming` int(1) not null default 0,
`default_incoming` int(1) not null default 0,
`use_imap` int(1) not null default 0,
`use_ssl` int(1) not null default 0,
`use_starttls` int(1) not null default 0,
`email_server` varchar(140),
`incoming_port` varchar(140),
`attachment_limit` int(11) not null default 0,
`email_sync_option` varchar(140) default 'UNSEEN',
`initial_sync_count` varchar(140) default '250',
`append_emails_to_sent_folder` int(1) not null default 0,
`append_to` varchar(140),
`create_contact` int(1) not null default 1,
`enable_automatic_linking` int(1) not null default 0,
`notify_if_unreplied` int(1) not null default 0,
`unreplied_for_mins` int(11) not null default 30,
`send_notification_to` text,
`enable_outgoing` int(1) not null default 0,
`use_tls` int(1) not null default 0,
`use_ssl_for_outgoing` int(1) not null default 0,
`smtp_server` varchar(140),
`smtp_port` varchar(140),
`default_outgoing` int(1) not null default 0,
`always_use_account_email_id_as_sender` int(1) not null default 0,
`always_use_account_name_as_sender_name` int(1) not null default 0,
`send_unsubscribe_message` int(1) not null default 1,
`track_email_status` int(1) not null default 1,
`no_smtp_authentication` int(1) not null default 0,
`add_signature` int(1) not null default 0,
`signature` longtext,
`enable_auto_reply` int(1) not null default 0,
`auto_reply_message` longtext,
`footer` longtext,
`brand_logo` text,
`uidvalidity` varchar(140),
`uidnext` int(11) not null default 0,
`no_failed` int(11) not null default 0,
`_user_tags` text,
`_comments` text,
`_assign` text,
`_liked_by` text,
index modified(modified))
			ENGINE=InnoDB
			ROW_FORMAT=DYNAMIC
			CHARACTER SET=utf8mb4
			COLLATE=utf8mb4_unicode_ci
2023-08-22 17:45:43,083 WARNING database DDL Query made to DB:
create sequence if not exists document_follow_id_seq nocache nocycle
2023-08-22 17:45:43,161 WARNING database DDL Query made to DB:
create table `tabDocument Follow` (
			name bigint primary key,
			creation datetime(6),
			modified datetime(6),
			modified_by varchar(140),
			owner varchar(140),
			docstatus int(1) not null default '0',
			idx int(8) not null default '0',
			`ref_doctype` varchar(140),
`ref_docname` varchar(140),
`user` varchar(140),
`_user_tags` text,
`_comments` text,
`_assign` text,
`_liked_by` text,
index `ref_doctype`(`ref_doctype`),
index `ref_docname`(`ref_docname`),
index `user`(`user`),
index modified(modified))
			ENGINE=InnoDB
			ROW_FORMAT=DYNAMIC
			CHARACTER SET=utf8mb4
			COLLATE=utf8mb4_unicode_ci
2023-08-22 17:45:43,240 WARNING database DDL Query made to DB:
create table `tabNewsletter Email Group` (
			name varchar(140) primary key,
			creation datetime(6),
			modified datetime(6),
			modified_by varchar(140),
			owner varchar(140),
			docstatus int(1) not null default '0',
			idx int(8) not null default '0',
			`email_group` varchar(140),
`total_subscribers` varchar(140),
parent varchar(140),
parentfield varchar(140),
parenttype varchar(140),
index parent(parent))
			ENGINE=InnoDB
			ROW_FORMAT=DYNAMIC
			CHARACTER SET=utf8mb4
			COLLATE=utf8mb4_unicode_ci
2023-08-22 17:45:43,330 WARNING database DDL Query made to DB:
create table `tabNewsletter Attachment` (
			name varchar(140) primary key,
			creation datetime(6),
			modified datetime(6),
			modified_by varchar(140),
			owner varchar(140),
			docstatus int(1) not null default '0',
			idx int(8) not null default '0',
			`attachment` text,
parent varchar(140),
parentfield varchar(140),
parenttype varchar(140),
index parent(parent))
			ENGINE=InnoDB
			ROW_FORMAT=DYNAMIC
			CHARACTER SET=utf8mb4
			COLLATE=utf8mb4_unicode_ci
2023-08-22 17:45:43,438 WARNING database DDL Query made to DB:
create table `tabEmail Group Member` (
			name varchar(140) primary key,
			creation datetime(6),
			modified datetime(6),
			modified_by varchar(140),
			owner varchar(140),
			docstatus int(1) not null default '0',
			idx int(8) not null default '0',
			`email_group` varchar(140),
`email` varchar(140),
`unsubscribed` int(1) not null default 0,
`_user_tags` text,
`_comments` text,
`_assign` text,
`_liked_by` text,
index `email_group`(`email_group`),
index `unsubscribed`(`unsubscribed`),
index modified(modified))
			ENGINE=InnoDB
			ROW_FORMAT=DYNAMIC
			CHARACTER SET=utf8mb4
			COLLATE=utf8mb4_unicode_ci
2023-08-22 17:45:43,521 WARNING database DDL Query made to DB:
alter table `tabEmail Group Member`
					add unique `unique_email_group_email`(email_group, email)
2023-08-22 17:45:43,614 WARNING database DDL Query made to DB:
create table `tabEmail Unsubscribe` (
			name varchar(140) primary key,
			creation datetime(6),
			modified datetime(6),
			modified_by varchar(140),
			owner varchar(140),
			docstatus int(1) not null default '0',
			idx int(8) not null default '0',
			`email` varchar(140),
`reference_doctype` varchar(140),
`reference_name` varchar(140),
`global_unsubscribe` int(1) not null default 0,
`_user_tags` text,
`_comments` text,
`_assign` text,
`_liked_by` text,
index `email`(`email`),
index modified(modified))
			ENGINE=InnoDB
			ROW_FORMAT=DYNAMIC
			CHARACTER SET=utf8mb4
			COLLATE=utf8mb4_unicode_ci
2023-08-22 17:45:43,727 WARNING database DDL Query made to DB:
create table `tabEmail Template` (
			name varchar(140) primary key,
			creation datetime(6),
			modified datetime(6),
			modified_by varchar(140),
			owner varchar(140),
			docstatus int(1) not null default '0',
			idx int(8) not null default '0',
			`subject` varchar(140),
`use_html` int(1) not null default 0,
`response_html` longtext,
`response` longtext,
`_user_tags` text,
`_comments` text,
`_assign` text,
`_liked_by` text,
index modified(modified))
			ENGINE=InnoDB
			ROW_FORMAT=DYNAMIC
			CHARACTER SET=utf8mb4
			COLLATE=utf8mb4_unicode_ci
2023-08-22 17:45:43,831 WARNING database DDL Query made to DB:
create table `tabEmail Rule` (
			name varchar(140) primary key,
			creation datetime(6),
			modified datetime(6),
			modified_by varchar(140),
			owner varchar(140),
			docstatus int(1) not null default '0',
			idx int(8) not null default '0',
			`email_id` varchar(140) unique,
`is_spam` int(1) not null default 0,
`_user_tags` text,
`_comments` text,
`_assign` text,
`_liked_by` text,
index modified(modified))
			ENGINE=InnoDB
			ROW_FORMAT=DYNAMIC
			CHARACTER SET=utf8mb4
			COLLATE=utf8mb4_unicode_ci
2023-08-22 17:45:43,962 WARNING database DDL Query made to DB:
create table `tabEmail Queue Recipient` (
			name varchar(140) primary key,
			creation datetime(6),
			modified datetime(6),
			modified_by varchar(140),
			owner varchar(140),
			docstatus int(1) not null default '0',
			idx int(8) not null default '0',
			`recipient` varchar(140),
`status` varchar(140) default 'Not Sent',
`error` longtext,
index `status`(`status`),
parent varchar(140),
parentfield varchar(140),
parenttype varchar(140),
index parent(parent))
			ENGINE=InnoDB
			ROW_FORMAT=DYNAMIC
			CHARACTER SET=utf8mb4
			COLLATE=utf8mb4_unicode_ci
2023-08-22 17:45:44,044 WARNING database DDL Query made to DB:
ALTER TABLE `tabEmail Queue Recipient`
				ADD INDEX `modified_index`(modified)
2023-08-22 17:45:44,142 WARNING database DDL Query made to DB:
create table `tabEmail Flag Queue` (
			name varchar(140) primary key,
			creation datetime(6),
			modified datetime(6),
			modified_by varchar(140),
			owner varchar(140),
			docstatus int(1) not null default '0',
			idx int(8) not null default '0',
			`is_completed` int(1) not null default 0,
`communication` varchar(140),
`action` varchar(140),
`email_account` varchar(140),
`uid` varchar(140),
`_user_tags` text,
`_comments` text,
`_assign` text,
`_liked_by` text,
index modified(modified))
			ENGINE=InnoDB
			ROW_FORMAT=DYNAMIC
			CHARACTER SET=utf8mb4
			COLLATE=utf8mb4_unicode_ci
2023-08-22 17:45:44,279 WARNING database DDL Query made to DB:
create table `tabNewsletter` (
			name varchar(140) primary key,
			creation datetime(6),
			modified datetime(6),
			modified_by varchar(140),
			owner varchar(140),
			docstatus int(1) not null default '0',
			idx int(8) not null default '0',
			`email_sent_at` datetime(6),
`total_recipients` int(11) not null default 0,
`total_views` int(11) not null default 0,
`email_sent` int(1) not null default 0,
`sender_name` varchar(140),
`sender_email` varchar(140),
`send_from` varchar(140),
`subject` text,
`content_type` varchar(140),
`message` longtext,
`message_md` longtext,
`message_html` longtext,
`campaign` varchar(140),
`send_unsubscribe_link` int(1) not null default 1,
`send_webview_link` int(1) not null default 0,
`scheduled_to_send` int(11) not null default 0,
`schedule_sending` int(1) not null default 0,
`schedule_send` datetime(6),
`published` int(1) not null default 0,
`route` varchar(140),
`_user_tags` text,
`_comments` text,
`_assign` text,
`_liked_by` text,
index modified(modified))
			ENGINE=InnoDB
			ROW_FORMAT=DYNAMIC
			CHARACTER SET=utf8mb4
			COLLATE=utf8mb4_unicode_ci
2023-08-22 17:45:44,393 WARNING database DDL Query made to DB:
create table `tabUnhandled Email` (
			name varchar(140) primary key,
			creation datetime(6),
			modified datetime(6),
			modified_by varchar(140),
			owner varchar(140),
			docstatus int(1) not null default '0',
			idx int(8) not null default '0',
			`email_account` varchar(140),
`uid` varchar(140),
`reason` longtext,
`message_id` longtext,
`raw` longtext,
`_user_tags` text,
`_comments` text,
`_assign` text,
`_liked_by` text,
index modified(modified))
			ENGINE=InnoDB
			ROW_FORMAT=DYNAMIC
			CHARACTER SET=utf8mb4
			COLLATE=utf8mb4_unicode_ci
2023-08-22 17:45:44,507 WARNING database DDL Query made to DB:
create table `tabEmail Domain` (
			name varchar(140) primary key,
			creation datetime(6),
			modified datetime(6),
			modified_by varchar(140),
			owner varchar(140),
			docstatus int(1) not null default '0',
			idx int(8) not null default '0',
			`domain_name` varchar(140) unique,
`email_server` varchar(140),
`use_imap` int(1) not null default 0,
`use_ssl` int(1) not null default 0,
`use_starttls` int(1) not null default 0,
`incoming_port` varchar(140),
`attachment_limit` int(11) not null default 0,
`smtp_server` varchar(140),
`use_tls` int(1) not null default 0,
`use_ssl_for_outgoing` int(1) not null default 0,
`smtp_port` varchar(140),
`append_emails_to_sent_folder` int(1) not null default 0,
`_user_tags` text,
`_comments` text,
`_assign` text,
`_liked_by` text,
index modified(modified))
			ENGINE=InnoDB
			ROW_FORMAT=DYNAMIC
			CHARACTER SET=utf8mb4
			COLLATE=utf8mb4_unicode_ci
2023-08-22 17:45:44,610 WARNING database DDL Query made to DB:
create sequence if not exists email_queue_id_seq nocache nocycle
2023-08-22 17:45:44,682 WARNING database DDL Query made to DB:
create table `tabEmail Queue` (
			name bigint primary key,
			creation datetime(6),
			modified datetime(6),
			modified_by varchar(140),
			owner varchar(140),
			docstatus int(1) not null default '0',
			idx int(8) not null default '0',
			`sender` varchar(140),
`show_as_cc` text,
`message` longtext,
`status` varchar(140) default 'Not Sent',
`error` longtext,
`message_id` text,
`reference_doctype` varchar(140),
`reference_name` varchar(140),
`communication` varchar(140),
`send_after` datetime(6),
`priority` int(11) not null default 1,
`add_unsubscribe_link` int(1) not null default 1,
`unsubscribe_param` varchar(140),
`unsubscribe_method` varchar(140),
`expose_recipients` varchar(140),
`attachments` longtext,
`retry` int(11) not null default 0,
`email_account` varchar(140),
`_user_tags` text,
`_comments` text,
`_assign` text,
`_liked_by` text,
index `reference_name`(`reference_name`),
index `communication`(`communication`),
index modified(modified))
			ENGINE=InnoDB
			ROW_FORMAT=DYNAMIC
			CHARACTER SET=utf8mb4
			COLLATE=utf8mb4_unicode_ci
2023-08-22 17:45:44,785 WARNING database DDL Query made to DB:
ALTER TABLE `tabEmail Queue`
				ADD INDEX `index_bulk_flush`(status, send_after, priority, creation)
2023-08-22 17:45:44,861 WARNING database DDL Query made to DB:
ALTER TABLE `tabEmail Queue`
				ADD INDEX `message_id_index`(message_id(140))
2023-08-22 17:45:44,998 WARNING database DDL Query made to DB:
create table `tabAuto Email Report` (
			name varchar(140) primary key,
			creation datetime(6),
			modified datetime(6),
			modified_by varchar(140),
			owner varchar(140),
			docstatus int(1) not null default '0',
			idx int(8) not null default '0',
			`report` varchar(140),
`user` varchar(140) default 'User',
`enabled` int(1) not null default 1,
`report_type` varchar(140),
`reference_report` varchar(140),
`send_if_data` int(1) not null default 1,
`data_modified_till` int(11) not null default 0,
`no_of_rows` int(11) not null default 100,
`filters` text,
`filter_meta` text,
`from_date_field` varchar(140),
`to_date_field` varchar(140),
`dynamic_date_period` varchar(140),
`email_to` text,
`day_of_week` varchar(140) default 'Monday',
`sender` varchar(140),
`frequency` varchar(140),
`format` varchar(140),
`description` longtext,
`_user_tags` text,
`_comments` text,
`_assign` text,
`_liked_by` text,
index modified(modified))
			ENGINE=InnoDB
			ROW_FORMAT=DYNAMIC
			CHARACTER SET=utf8mb4
			COLLATE=utf8mb4_unicode_ci
2023-08-22 17:45:45,088 WARNING database DDL Query made to DB:
create table `tabIMAP Folder` (
			name varchar(140) primary key,
			creation datetime(6),
			modified datetime(6),
			modified_by varchar(140),
			owner varchar(140),
			docstatus int(1) not null default '0',
			idx int(8) not null default '0',
			`folder_name` varchar(140),
`append_to` varchar(140),
`uidvalidity` varchar(140),
`uidnext` varchar(140),
parent varchar(140),
parentfield varchar(140),
parenttype varchar(140),
index parent(parent))
			ENGINE=InnoDB
			ROW_FORMAT=DYNAMIC
			CHARACTER SET=utf8mb4
			COLLATE=utf8mb4_unicode_ci
2023-08-22 17:45:45,189 WARNING database DDL Query made to DB:
create table `tabEmail Group` (
			name varchar(140) primary key,
			creation datetime(6),
			modified datetime(6),
			modified_by varchar(140),
			owner varchar(140),
			docstatus int(1) not null default '0',
			idx int(8) not null default '0',
			`title` varchar(140) unique,
`total_subscribers` int(11) not null default 0,
`confirmation_email_template` varchar(140),
`welcome_email_template` varchar(140),
`_user_tags` text,
`_comments` text,
`_assign` text,
`_liked_by` text,
index modified(modified))
			ENGINE=InnoDB
			ROW_FORMAT=DYNAMIC
			CHARACTER SET=utf8mb4
			COLLATE=utf8mb4_unicode_ci
2023-08-22 17:45:45,283 WARNING database DDL Query made to DB:
create table `tabNotification Recipient` (
			name varchar(140) primary key,
			creation datetime(6),
			modified datetime(6),
			modified_by varchar(140),
			owner varchar(140),
			docstatus int(1) not null default '0',
			idx int(8) not null default '0',
			`receiver_by_document_field` varchar(140),
`receiver_by_role` varchar(140),
`cc` longtext,
`bcc` longtext,
`condition` varchar(140),
parent varchar(140),
parentfield varchar(140),
parenttype varchar(140),
index parent(parent))
			ENGINE=InnoDB
			ROW_FORMAT=DYNAMIC
			CHARACTER SET=utf8mb4
			COLLATE=utf8mb4_unicode_ci
2023-08-22 17:45:45,378 WARNING database DDL Query made to DB:
create table `tabDocType Layout Field` (
			name varchar(140) primary key,
			creation datetime(6),
			modified datetime(6),
			modified_by varchar(140),
			owner varchar(140),
			docstatus int(1) not null default '0',
			idx int(8) not null default '0',
			`label` varchar(140),
`fieldname` varchar(140),
parent varchar(140),
parentfield varchar(140),
parenttype varchar(140),
index parent(parent))
			ENGINE=InnoDB
			ROW_FORMAT=DYNAMIC
			CHARACTER SET=utf8mb4
			COLLATE=utf8mb4_unicode_ci
2023-08-22 17:45:45,640 WARNING database DDL Query made to DB:
create table `tabCustomize Form Field` (
			name varchar(140) primary key,
			creation datetime(6),
			modified datetime(6),
			modified_by varchar(140),
			owner varchar(140),
			docstatus int(1) not null default '0',
			idx int(8) not null default '0',
			`is_system_generated` int(1) not null default 0,
`label` varchar(140),
`fieldtype` varchar(140) default 'Data',
`fieldname` varchar(140),
`non_negative` int(1) not null default 0,
`reqd` int(1) not null default 0,
`unique` int(1) not null default 0,
`is_virtual` int(1) not null default 0,
`in_list_view` int(1) not null default 0,
`in_standard_filter` int(1) not null default 0,
`in_global_search` int(1) not null default 0,
`in_preview` int(1) not null default 0,
`bold` int(1) not null default 0,
`no_copy` int(1) not null default 0,
`allow_in_quick_entry` int(1) not null default 0,
`translatable` int(1) not null default 1,
`default` text,
`precision` varchar(140),
`length` int(11) not null default 0,
`options` text,
`sort_options` int(1) not null default 0,
`fetch_from` text,
`fetch_if_empty` int(1) not null default 0,
`show_dashboard` int(1) not null default 0,
`depends_on` longtext,
`permlevel` int(11) not null default 0,
`hidden` int(1) not null default 0,
`read_only` int(1) not null default 0,
`collapsible` int(1) not null default 0,
`allow_bulk_edit` int(1) not null default 0,
`collapsible_depends_on` longtext,
`ignore_user_permissions` int(1) not null default 0,
`allow_on_submit` int(1) not null default 0,
`report_hide` int(1) not null default 0,
`remember_last_selected_value` int(1) not null default 0,
`hide_border` int(1) not null default 0,
`ignore_xss_filter` int(1) not null default 0,
`mandatory_depends_on` longtext,
`read_only_depends_on` longtext,
`in_filter` int(1) not null default 0,
`hide_seconds` int(1) not null default 0,
`hide_days` int(1) not null default 0,
`description` text,
`print_hide` int(1) not null default 0,
`print_hide_if_no_value` int(1) not null default 0,
`print_width` varchar(140),
`columns` int(11) not null default 0,
`width` varchar(140),
`is_custom_field` int(1) not null default 0,
index `label`(`label`),
index `fieldtype`(`fieldtype`),
index `fieldname`(`fieldname`),
parent varchar(140),
parentfield varchar(140),
parenttype varchar(140),
index parent(parent))
			ENGINE=InnoDB
			ROW_FORMAT=DYNAMIC
			CHARACTER SET=utf8mb4
			COLLATE=utf8mb4_unicode_ci
2023-08-22 17:45:45,751 WARNING database DDL Query made to DB:
create table `tabDocType Layout` (
			name varchar(140) primary key,
			creation datetime(6),
			modified datetime(6),
			modified_by varchar(140),
			owner varchar(140),
			docstatus int(1) not null default '0',
			idx int(8) not null default '0',
			`document_type` varchar(140),
`route` varchar(140),
`client_script` longtext,
`_user_tags` text,
`_comments` text,
`_assign` text,
`_liked_by` text,
index modified(modified))
			ENGINE=InnoDB
			ROW_FORMAT=DYNAMIC
			CHARACTER SET=utf8mb4
			COLLATE=utf8mb4_unicode_ci
2023-08-22 17:45:46,157 WARNING database DDL Query made to DB:
create table `tabCurrency` (
			name varchar(140) primary key,
			creation datetime(6),
			modified datetime(6),
			modified_by varchar(140),
			owner varchar(140),
			docstatus int(1) not null default '0',
			idx int(8) not null default '0',
			`currency_name` varchar(140) unique,
`enabled` int(1) not null default 0,
`fraction` varchar(140),
`fraction_units` int(11) not null default 0,
`smallest_currency_fraction_value` decimal(21,9) not null default 0,
`symbol` varchar(140),
`symbol_on_right` int(1) not null default 0,
`number_format` varchar(140),
`_user_tags` text,
`_comments` text,
`_assign` text,
`_liked_by` text,
index modified(modified))
			ENGINE=InnoDB
			ROW_FORMAT=DYNAMIC
			CHARACTER SET=utf8mb4
			COLLATE=utf8mb4_unicode_ci
2023-08-22 17:45:46,403 WARNING database DDL Query made to DB:
create table `tabCountry` (
			name varchar(140) primary key,
			creation datetime(6),
			modified datetime(6),
			modified_by varchar(140),
			owner varchar(140),
			docstatus int(1) not null default '0',
			idx int(8) not null default '0',
			`country_name` varchar(140) unique,
`date_format` varchar(140),
`time_format` varchar(140) default 'HH:mm:ss',
`time_zones` text,
`code` varchar(140),
`_user_tags` text,
`_comments` text,
`_assign` text,
`_liked_by` text,
index modified(modified))
			ENGINE=InnoDB
			ROW_FORMAT=DYNAMIC
			CHARACTER SET=utf8mb4
			COLLATE=utf8mb4_unicode_ci
2023-08-22 17:45:46,505 WARNING database DDL Query made to DB:
create table `tabNumber Card Link` (
			name varchar(140) primary key,
			creation datetime(6),
			modified datetime(6),
			modified_by varchar(140),
			owner varchar(140),
			docstatus int(1) not null default '0',
			idx int(8) not null default '0',
			`card` varchar(140),
parent varchar(140),
parentfield varchar(140),
parenttype varchar(140),
index parent(parent))
			ENGINE=InnoDB
			ROW_FORMAT=DYNAMIC
			CHARACTER SET=utf8mb4
			COLLATE=utf8mb4_unicode_ci
2023-08-22 17:45:46,699 WARNING database DDL Query made to DB:
create table `tabGlobal Search DocType` (
			name varchar(140) primary key,
			creation datetime(6),
			modified datetime(6),
			modified_by varchar(140),
			owner varchar(140),
			docstatus int(1) not null default '0',
			idx int(8) not null default '0',
			`document_type` varchar(140),
parent varchar(140),
parentfield varchar(140),
parenttype varchar(140),
index parent(parent))
			ENGINE=InnoDB
			ROW_FORMAT=DYNAMIC
			CHARACTER SET=utf8mb4
			COLLATE=utf8mb4_unicode_ci
2023-08-22 17:45:46,795 WARNING database DDL Query made to DB:
create table `tabCalendar View` (
			name varchar(140) primary key,
			creation datetime(6),
			modified datetime(6),
			modified_by varchar(140),
			owner varchar(140),
			docstatus int(1) not null default '0',
			idx int(8) not null default '0',
			`reference_doctype` varchar(140),
`subject_field` varchar(140),
`start_date_field` varchar(140),
`end_date_field` varchar(140),
`all_day` int(1) not null default 0,
`_user_tags` text,
`_comments` text,
`_assign` text,
`_liked_by` text,
index modified(modified))
			ENGINE=InnoDB
			ROW_FORMAT=DYNAMIC
			CHARACTER SET=utf8mb4
			COLLATE=utf8mb4_unicode_ci
2023-08-22 17:45:46,891 WARNING database DDL Query made to DB:
create table `tabList Filter` (
			name varchar(140) primary key,
			creation datetime(6),
			modified datetime(6),
			modified_by varchar(140),
			owner varchar(140),
			docstatus int(1) not null default '0',
			idx int(8) not null default '0',
			`filter_name` varchar(140),
`reference_doctype` varchar(140),
`for_user` varchar(140),
`filters` longtext,
`_user_tags` text,
`_comments` text,
`_assign` text,
`_liked_by` text,
index modified(modified))
			ENGINE=InnoDB
			ROW_FORMAT=DYNAMIC
			CHARACTER SET=utf8mb4
			COLLATE=utf8mb4_unicode_ci
2023-08-22 17:45:46,992 WARNING database DDL Query made to DB:
create table `tabDashboard Settings` (
			name varchar(140) primary key,
			creation datetime(6),
			modified datetime(6),
			modified_by varchar(140),
			owner varchar(140),
			docstatus int(1) not null default '0',
			idx int(8) not null default '0',
			`user` varchar(140),
`chart_config` longtext,
`_user_tags` text,
`_comments` text,
`_assign` text,
`_liked_by` text,
index modified(modified))
			ENGINE=InnoDB
			ROW_FORMAT=DYNAMIC
			CHARACTER SET=utf8mb4
			COLLATE=utf8mb4_unicode_ci
2023-08-22 17:45:47,110 WARNING database DDL Query made to DB:
create table `tabTag` (
			name varchar(140) primary key,
			creation datetime(6),
			modified datetime(6),
			modified_by varchar(140),
			owner varchar(140),
			docstatus int(1) not null default '0',
			idx int(8) not null default '0',
			`description` text,
`_user_tags` text,
`_comments` text,
`_assign` text,
`_liked_by` text,
index modified(modified))
			ENGINE=InnoDB
			ROW_FORMAT=DYNAMIC
			CHARACTER SET=utf8mb4
			COLLATE=utf8mb4_unicode_ci
2023-08-22 17:45:47,234 WARNING database DDL Query made to DB:
create sequence if not exists notification_log_id_seq nocache nocycle
2023-08-22 17:45:47,283 WARNING database DDL Query made to DB:
create table `tabNotification Log` (
			name bigint primary key,
			creation datetime(6),
			modified datetime(6),
			modified_by varchar(140),
			owner varchar(140),
			docstatus int(1) not null default '0',
			idx int(8) not null default '0',
			`subject` text,
`for_user` varchar(140),
`type` varchar(140),
`email_content` longtext,
`document_type` varchar(140),
`read` int(1) not null default 0,
`document_name` varchar(140),
`attached_file` longtext,
`from_user` varchar(140),
`_user_tags` text,
`_comments` text,
`_assign` text,
`_liked_by` text,
`_seen` text,
index `for_user`(`for_user`),
index `document_name`(`document_name`),
index modified(modified))
			ENGINE=InnoDB
			ROW_FORMAT=DYNAMIC
			CHARACTER SET=utf8mb4
			COLLATE=utf8mb4_unicode_ci
2023-08-22 17:45:47,366 WARNING database DDL Query made to DB:
create table `tabKanban Board Column` (
			name varchar(140) primary key,
			creation datetime(6),
			modified datetime(6),
			modified_by varchar(140),
			owner varchar(140),
			docstatus int(1) not null default '0',
			idx int(8) not null default '0',
			`column_name` varchar(140),
`status` varchar(140) default 'Active',
`indicator` varchar(140) default 'Gray',
`order` longtext,
parent varchar(140),
parentfield varchar(140),
parenttype varchar(140),
index parent(parent))
			ENGINE=InnoDB
			ROW_FORMAT=DYNAMIC
			CHARACTER SET=utf8mb4
			COLLATE=utf8mb4_unicode_ci
2023-08-22 17:45:47,453 WARNING database DDL Query made to DB:
create table `tabNote Seen By` (
			name varchar(140) primary key,
			creation datetime(6),
			modified datetime(6),
			modified_by varchar(140),
			owner varchar(140),
			docstatus int(1) not null default '0',
			idx int(8) not null default '0',
			`user` varchar(140),
parent varchar(140),
parentfield varchar(140),
parenttype varchar(140),
index parent(parent))
			ENGINE=InnoDB
			ROW_FORMAT=DYNAMIC
			CHARACTER SET=utf8mb4
			COLLATE=utf8mb4_unicode_ci
2023-08-22 17:45:47,546 WARNING database DDL Query made to DB:
create table `tabKanban Board` (
			name varchar(140) primary key,
			creation datetime(6),
			modified datetime(6),
			modified_by varchar(140),
			owner varchar(140),
			docstatus int(1) not null default '0',
			idx int(8) not null default '0',
			`kanban_board_name` varchar(140) unique,
`reference_doctype` varchar(140),
`field_name` varchar(140),
`private` int(1) not null default 0,
`show_labels` int(1) not null default 0,
`filters` longtext,
`fields` longtext,
`_user_tags` text,
`_comments` text,
`_assign` text,
`_liked_by` text,
index modified(modified))
			ENGINE=InnoDB
			ROW_FORMAT=DYNAMIC
			CHARACTER SET=utf8mb4
			COLLATE=utf8mb4_unicode_ci
2023-08-22 17:45:47,608 WARNING database DDL Query made to DB:
create sequence if not exists console_log_id_seq nocache nocycle
2023-08-22 17:45:47,671 WARNING database DDL Query made to DB:
create table `tabConsole Log` (
			name bigint primary key,
			creation datetime(6),
			modified datetime(6),
			modified_by varchar(140),
			owner varchar(140),
			docstatus int(1) not null default '0',
			idx int(8) not null default '0',
			`script` longtext,
`type` varchar(140),
`_user_tags` text,
`_comments` text,
`_assign` text,
`_liked_by` text,
index modified(modified))
			ENGINE=InnoDB
			ROW_FORMAT=DYNAMIC
			CHARACTER SET=utf8mb4
			COLLATE=utf8mb4_unicode_ci
2023-08-22 17:45:47,772 WARNING database DDL Query made to DB:
create table `tabNote` (
			name varchar(140) primary key,
			creation datetime(6),
			modified datetime(6),
			modified_by varchar(140),
			owner varchar(140),
			docstatus int(1) not null default '0',
			idx int(8) not null default '0',
			`title` varchar(140),
`public` int(1) not null default 0,
`notify_on_login` int(1) not null default 0,
`notify_on_every_login` int(1) not null default 0,
`expire_notification_on` date,
`content` longtext,
`_user_tags` text,
`_comments` text,
`_assign` text,
`_liked_by` text,
index `expire_notification_on`(`expire_notification_on`),
index modified(modified))
			ENGINE=InnoDB
			ROW_FORMAT=DYNAMIC
			CHARACTER SET=utf8mb4
			COLLATE=utf8mb4_unicode_ci
2023-08-22 17:45:47,871 WARNING database DDL Query made to DB:
create table `tabDesktop Icon` (
			name varchar(140) primary key,
			creation datetime(6),
			modified datetime(6),
			modified_by varchar(140),
			owner varchar(140),
			docstatus int(1) not null default '0',
			idx int(8) not null default '0',
			`module_name` varchar(140),
`label` varchar(140),
`standard` int(1) not null default 0,
`custom` int(1) not null default 0,
`app` varchar(140),
`description` text,
`category` varchar(140),
`hidden` int(1) not null default 0,
`blocked` int(1) not null default 0,
`force_show` int(1) not null default 0,
`type` varchar(140),
`_doctype` varchar(140),
`_report` varchar(140),
`link` text,
`color` varchar(140),
`icon` varchar(140),
`reverse` int(1) not null default 0,
`_user_tags` text,
`_comments` text,
`_assign` text,
`_liked_by` text,
index modified(modified))
			ENGINE=InnoDB
			ROW_FORMAT=DYNAMIC
			CHARACTER SET=utf8mb4
			COLLATE=utf8mb4_unicode_ci
2023-08-22 17:45:47,965 WARNING database DDL Query made to DB:
alter table `tabDesktop Icon`
					add unique `unique_module_name_owner_standard`(module_name, owner, standard)
2023-08-22 17:45:48,074 WARNING database DDL Query made to DB:
create table `tabEvent` (
			name varchar(140) primary key,
			creation datetime(6),
			modified datetime(6),
			modified_by varchar(140),
			owner varchar(140),
			docstatus int(1) not null default '0',
			idx int(8) not null default '0',
			`subject` text,
`event_category` varchar(140),
`event_type` varchar(140),
`color` varchar(140),
`send_reminder` int(1) not null default 1,
`repeat_this_event` int(1) not null default 0,
`starts_on` datetime(6),
`ends_on` datetime(6),
`status` varchar(140) default 'Open',
`sender` varchar(140),
`all_day` int(1) not null default 0,
`sync_with_google_calendar` int(1) not null default 0,
`add_video_conferencing` int(1) not null default 0,
`google_calendar` varchar(140),
`google_calendar_id` varchar(140),
`google_calendar_event_id` varchar(140),
`google_meet_link` varchar(140),
`pulled_from_google_calendar` int(1) not null default 0,
`repeat_on` varchar(140),
`repeat_till` date,
`monday` int(1) not null default 0,
`tuesday` int(1) not null default 0,
`wednesday` int(1) not null default 0,
`thursday` int(1) not null default 0,
`friday` int(1) not null default 0,
`saturday` int(1) not null default 0,
`sunday` int(1) not null default 0,
`description` longtext,
`_user_tags` text,
`_comments` text,
`_assign` text,
`_liked_by` text,
`_seen` text,
index `event_type`(`event_type`),
index modified(modified))
			ENGINE=InnoDB
			ROW_FORMAT=DYNAMIC
			CHARACTER SET=utf8mb4
			COLLATE=utf8mb4_unicode_ci
2023-08-22 17:45:48,145 WARNING database DDL Query made to DB:
create table `tabDashboard Chart Field` (
			name varchar(140) primary key,
			creation datetime(6),
			modified datetime(6),
			modified_by varchar(140),
			owner varchar(140),
			docstatus int(1) not null default '0',
			idx int(8) not null default '0',
			`y_field` varchar(140),
`color` varchar(140),
parent varchar(140),
parentfield varchar(140),
parenttype varchar(140),
index parent(parent))
			ENGINE=InnoDB
			ROW_FORMAT=DYNAMIC
			CHARACTER SET=utf8mb4
			COLLATE=utf8mb4_unicode_ci
2023-08-22 17:45:48,210 WARNING database DDL Query made to DB:
create table `tabNotification Subscribed Document` (
			name varchar(140) primary key,
			creation datetime(6),
			modified datetime(6),
			modified_by varchar(140),
			owner varchar(140),
			docstatus int(1) not null default '0',
			idx int(8) not null default '0',
			`document` varchar(140),
parent varchar(140),
parentfield varchar(140),
parenttype varchar(140),
index parent(parent))
			ENGINE=InnoDB
			ROW_FORMAT=DYNAMIC
			CHARACTER SET=utf8mb4
			COLLATE=utf8mb4_unicode_ci
2023-08-22 17:45:48,273 WARNING database DDL Query made to DB:
create table `tabTag Link` (
			name varchar(140) primary key,
			creation datetime(6),
			modified datetime(6),
			modified_by varchar(140),
			owner varchar(140),
			docstatus int(1) not null default '0',
			idx int(8) not null default '0',
			`document_type` varchar(140),
`document_name` varchar(140),
`tag` varchar(140),
`title` varchar(140),
`_user_tags` text,
`_comments` text,
`_assign` text,
`_liked_by` text,
index modified(modified))
			ENGINE=InnoDB
			ROW_FORMAT=DYNAMIC
			CHARACTER SET=utf8mb4
			COLLATE=utf8mb4_unicode_ci
2023-08-22 17:45:48,346 WARNING database DDL Query made to DB:
create table `tabRoute History` (
			name varchar(140) primary key,
			creation datetime(6),
			modified datetime(6),
			modified_by varchar(140),
			owner varchar(140),
			docstatus int(1) not null default '0',
			idx int(8) not null default '0',
			`route` varchar(140),
`user` varchar(140),
`_user_tags` text,
`_comments` text,
`_assign` text,
`_liked_by` text,
index modified(modified))
			ENGINE=InnoDB
			ROW_FORMAT=DYNAMIC
			CHARACTER SET=utf8mb4
			COLLATE=utf8mb4_unicode_ci
2023-08-22 17:45:48,427 WARNING database DDL Query made to DB:
create table `tabToDo` (
			name varchar(140) primary key,
			creation datetime(6),
			modified datetime(6),
			modified_by varchar(140),
			owner varchar(140),
			docstatus int(1) not null default '0',
			idx int(8) not null default '0',
			`status` varchar(140) default 'Open',
`priority` varchar(140) default 'Medium',
`color` varchar(140),
`date` date,
`allocated_to` varchar(140),
`description` longtext,
`reference_type` varchar(140),
`reference_name` varchar(140),
`role` varchar(140),
`assigned_by` varchar(140),
`assigned_by_full_name` varchar(140),
`sender` varchar(140),
`assignment_rule` varchar(140),
`_user_tags` text,
`_comments` text,
`_assign` text,
`_liked_by` text,
`_seen` text,
index modified(modified))
			ENGINE=InnoDB
			ROW_FORMAT=DYNAMIC
			CHARACTER SET=utf8mb4
			COLLATE=utf8mb4_unicode_ci
2023-08-22 17:45:48,494 WARNING database DDL Query made to DB:
ALTER TABLE `tabToDo`
				ADD INDEX `reference_type_reference_name_index`(reference_type, reference_name)
2023-08-22 17:45:48,563 WARNING database DDL Query made to DB:
create table `tabList View Settings` (
			name varchar(140) primary key,
			creation datetime(6),
			modified datetime(6),
			modified_by varchar(140),
			owner varchar(140),
			docstatus int(1) not null default '0',
			idx int(8) not null default '0',
			`disable_count` int(1) not null default 0,
`disable_comment_count` int(1) not null default 0,
`disable_sidebar_stats` int(1) not null default 0,
`disable_auto_refresh` int(1) not null default 0,
`total_fields` varchar(140),
`fields` longtext,
`_user_tags` text,
`_comments` text,
`_assign` text,
`_liked_by` text,
index modified(modified))
			ENGINE=InnoDB
			ROW_FORMAT=DYNAMIC
			CHARACTER SET=utf8mb4
			COLLATE=utf8mb4_unicode_ci
2023-08-22 17:45:48,648 WARNING database DDL Query made to DB:
create table `tabNotification Settings` (
			name varchar(140) primary key,
			creation datetime(6),
			modified datetime(6),
			modified_by varchar(140),
			owner varchar(140),
			docstatus int(1) not null default '0',
			idx int(8) not null default '0',
			`enabled` int(1) not null default 1,
`enable_email_notifications` int(1) not null default 1,
`enable_email_mention` int(1) not null default 1,
`enable_email_assignment` int(1) not null default 1,
`enable_email_energy_point` int(1) not null default 1,
`enable_email_share` int(1) not null default 1,
`enable_email_event_reminders` int(1) not null default 1,
`user` varchar(140),
`seen` int(1) not null default 0,
`energy_points_system_notifications` int(1) not null default 1,
`_user_tags` text,
`_comments` text,
`_assign` text,
`_liked_by` text,
index modified(modified))
			ENGINE=InnoDB
			ROW_FORMAT=DYNAMIC
			CHARACTER SET=utf8mb4
			COLLATE=utf8mb4_unicode_ci
2023-08-22 17:45:48,726 WARNING database DDL Query made to DB:
create table `tabDashboard Chart Link` (
			name varchar(140) primary key,
			creation datetime(6),
			modified datetime(6),
			modified_by varchar(140),
			owner varchar(140),
			docstatus int(1) not null default '0',
			idx int(8) not null default '0',
			`chart` varchar(140),
`width` varchar(140) default 'Half',
parent varchar(140),
parentfield varchar(140),
parenttype varchar(140),
index parent(parent))
			ENGINE=InnoDB
			ROW_FORMAT=DYNAMIC
			CHARACTER SET=utf8mb4
			COLLATE=utf8mb4_unicode_ci
2023-08-22 17:45:48,830 WARNING database DDL Query made to DB:
create table `tabCustom HTML Block` (
			name varchar(140) primary key,
			creation datetime(6),
			modified datetime(6),
			modified_by varchar(140),
			owner varchar(140),
			docstatus int(1) not null default '0',
			idx int(8) not null default '0',
			`private` int(1) not null default 0,
`html` longtext,
`script` longtext,
`style` longtext,
`_user_tags` text,
`_comments` text,
`_assign` text,
`_liked_by` text,
index modified(modified))
			ENGINE=InnoDB
			ROW_FORMAT=DYNAMIC
			CHARACTER SET=utf8mb4
			COLLATE=utf8mb4_unicode_ci
2023-08-22 17:45:48,905 WARNING database DDL Query made to DB:
create table `tabEvent Participants` (
			name varchar(140) primary key,
			creation datetime(6),
			modified datetime(6),
			modified_by varchar(140),
			owner varchar(140),
			docstatus int(1) not null default '0',
			idx int(8) not null default '0',
			`reference_doctype` varchar(140),
`reference_docname` varchar(140),
`email` varchar(140),
parent varchar(140),
parentfield varchar(140),
parenttype varchar(140),
index parent(parent))
			ENGINE=InnoDB
			ROW_FORMAT=DYNAMIC
			CHARACTER SET=utf8mb4
			COLLATE=utf8mb4_unicode_ci
2023-08-22 17:45:49,181 WARNING database DDL Query made to DB:
create table `tabConnected App` (
			name varchar(140) primary key,
			creation datetime(6),
			modified datetime(6),
			modified_by varchar(140),
			owner varchar(140),
			docstatus int(1) not null default '0',
			idx int(8) not null default '0',
			`provider_name` varchar(140),
`openid_configuration` varchar(140),
`client_id` varchar(140),
`redirect_uri` varchar(140),
`client_secret` text,
`authorization_uri` text,
`token_uri` varchar(140),
`revocation_uri` varchar(140),
`userinfo_uri` varchar(140),
`introspection_uri` varchar(140),
`_user_tags` text,
`_comments` text,
`_assign` text,
`_liked_by` text,
index modified(modified))
			ENGINE=InnoDB
			ROW_FORMAT=DYNAMIC
			CHARACTER SET=utf8mb4
			COLLATE=utf8mb4_unicode_ci
2023-08-22 17:45:49,406 WARNING database DDL Query made to DB:
create table `tabWebhook` (
			name varchar(140) primary key,
			creation datetime(6),
			modified datetime(6),
			modified_by varchar(140),
			owner varchar(140),
			docstatus int(1) not null default '0',
			idx int(8) not null default '0',
			`webhook_doctype` varchar(140),
`webhook_docevent` varchar(140),
`enabled` int(1) not null default 1,
`condition` text,
`request_url` varchar(140),
`timeout` int(11) not null default 5,
`is_dynamic_url` int(1) not null default 0,
`request_method` varchar(140) default 'POST',
`request_structure` varchar(140),
`enable_security` int(1) not null default 0,
`webhook_secret` text,
`webhook_json` longtext,
`preview_document` varchar(140),
`_user_tags` text,
`_comments` text,
`_assign` text,
`_liked_by` text,
index modified(modified))
			ENGINE=InnoDB
			ROW_FORMAT=DYNAMIC
			CHARACTER SET=utf8mb4
			COLLATE=utf8mb4_unicode_ci
2023-08-22 17:45:49,543 WARNING database DDL Query made to DB:
create table `tabWebhook Header` (
			name varchar(140) primary key,
			creation datetime(6),
			modified datetime(6),
			modified_by varchar(140),
			owner varchar(140),
			docstatus int(1) not null default '0',
			idx int(8) not null default '0',
			`key` varchar(140),
`value` varchar(140),
parent varchar(140),
parentfield varchar(140),
parenttype varchar(140),
index parent(parent))
			ENGINE=InnoDB
			ROW_FORMAT=DYNAMIC
			CHARACTER SET=utf8mb4
			COLLATE=utf8mb4_unicode_ci
2023-08-22 17:45:49,615 WARNING database DDL Query made to DB:
create table `tabWebhook Data` (
			name varchar(140) primary key,
			creation datetime(6),
			modified datetime(6),
			modified_by varchar(140),
			owner varchar(140),
			docstatus int(1) not null default '0',
			idx int(8) not null default '0',
			`fieldname` varchar(140),
`key` varchar(140),
parent varchar(140),
parentfield varchar(140),
parenttype varchar(140),
index parent(parent))
			ENGINE=InnoDB
			ROW_FORMAT=DYNAMIC
			CHARACTER SET=utf8mb4
			COLLATE=utf8mb4_unicode_ci
2023-08-22 17:45:49,707 WARNING database DDL Query made to DB:
create table `tabGoogle Contacts` (
			name varchar(140) primary key,
			creation datetime(6),
			modified datetime(6),
			modified_by varchar(140),
			owner varchar(140),
			docstatus int(1) not null default '0',
			idx int(8) not null default '0',
			`enable` int(1) not null default 0,
`email_id` varchar(140),
`last_sync_on` datetime(6),
`authorization_code` text,
`refresh_token` text,
`next_sync_token` text,
`pull_from_google_contacts` int(1) not null default 0,
`push_to_google_contacts` int(1) not null default 0,
`_user_tags` text,
`_comments` text,
`_assign` text,
`_liked_by` text,
index modified(modified))
			ENGINE=InnoDB
			ROW_FORMAT=DYNAMIC
			CHARACTER SET=utf8mb4
			COLLATE=utf8mb4_unicode_ci
2023-08-22 17:45:50,037 WARNING database DDL Query made to DB:
create table `tabSlack Webhook URL` (
			name varchar(140) primary key,
			creation datetime(6),
			modified datetime(6),
			modified_by varchar(140),
			owner varchar(140),
			docstatus int(1) not null default '0',
			idx int(8) not null default '0',
			`webhook_name` varchar(140) unique,
`webhook_url` varchar(140),
`show_document_link` int(1) not null default 1,
`_user_tags` text,
`_comments` text,
`_assign` text,
`_liked_by` text,
index modified(modified))
			ENGINE=InnoDB
			ROW_FORMAT=DYNAMIC
			CHARACTER SET=utf8mb4
			COLLATE=utf8mb4_unicode_ci
2023-08-22 17:45:50,250 WARNING database DDL Query made to DB:
create table `tabSocial Login Key` (
			name varchar(140) primary key,
			creation datetime(6),
			modified datetime(6),
			modified_by varchar(140),
			owner varchar(140),
			docstatus int(1) not null default '0',
			idx int(8) not null default '0',
			`enable_social_login` int(1) not null default 0,
`social_login_provider` varchar(140) default 'Custom',
`client_id` varchar(140),
`provider_name` varchar(140),
`client_secret` text,
`icon` varchar(140),
`base_url` varchar(140),
`authorize_url` varchar(140),
`access_token_url` varchar(140),
`redirect_url` varchar(140),
`api_endpoint` varchar(140),
`custom_base_url` int(1) not null default 0,
`api_endpoint_args` longtext,
`auth_url_data` longtext,
`user_id_property` varchar(140),
`_user_tags` text,
`_comments` text,
`_assign` text,
`_liked_by` text,
index modified(modified))
			ENGINE=InnoDB
			ROW_FORMAT=DYNAMIC
			CHARACTER SET=utf8mb4
			COLLATE=utf8mb4_unicode_ci
2023-08-22 17:45:50,332 WARNING database DDL Query made to DB:
create table `tabLDAP Group Mapping` (
			name varchar(140) primary key,
			creation datetime(6),
			modified datetime(6),
			modified_by varchar(140),
			owner varchar(140),
			docstatus int(1) not null default '0',
			idx int(8) not null default '0',
			`ldap_group` varchar(140),
`erpnext_role` varchar(140),
parent varchar(140),
parentfield varchar(140),
parenttype varchar(140),
index parent(parent))
			ENGINE=InnoDB
			ROW_FORMAT=DYNAMIC
			CHARACTER SET=utf8mb4
			COLLATE=utf8mb4_unicode_ci
2023-08-22 17:45:50,424 WARNING database DDL Query made to DB:
create table `tabGoogle Calendar` (
			name varchar(140) primary key,
			creation datetime(6),
			modified datetime(6),
			modified_by varchar(140),
			owner varchar(140),
			docstatus int(1) not null default '0',
			idx int(8) not null default '0',
			`enable` int(1) not null default 1,
`calendar_name` varchar(140) unique,
`user` varchar(140),
`pull_from_google_calendar` int(1) not null default 1,
`push_to_google_calendar` int(1) not null default 1,
`google_calendar_id` varchar(140),
`refresh_token` text,
`authorization_code` text,
`next_sync_token` text,
`_user_tags` text,
`_comments` text,
`_assign` text,
`_liked_by` text,
index modified(modified))
			ENGINE=InnoDB
			ROW_FORMAT=DYNAMIC
			CHARACTER SET=utf8mb4
			COLLATE=utf8mb4_unicode_ci
2023-08-22 17:45:50,550 WARNING database DDL Query made to DB:
create table `tabToken Cache` (
			name varchar(140) primary key,
			creation datetime(6),
			modified datetime(6),
			modified_by varchar(140),
			owner varchar(140),
			docstatus int(1) not null default '0',
			idx int(8) not null default '0',
			`user` varchar(140),
`connected_app` varchar(140),
`provider_name` varchar(140),
`access_token` text,
`refresh_token` text,
`expires_in` int(11) not null default 0,
`state` varchar(140),
`success_uri` varchar(140),
`token_type` varchar(140),
`_user_tags` text,
`_comments` text,
`_assign` text,
`_liked_by` text,
index modified(modified))
			ENGINE=InnoDB
			ROW_FORMAT=DYNAMIC
			CHARACTER SET=utf8mb4
			COLLATE=utf8mb4_unicode_ci
2023-08-22 17:45:50,697 WARNING database DDL Query made to DB:
create table `tabOAuth Client` (
			name varchar(140) primary key,
			creation datetime(6),
			modified datetime(6),
			modified_by varchar(140),
			owner varchar(140),
			docstatus int(1) not null default '0',
			idx int(8) not null default '0',
			`client_id` varchar(140),
`app_name` varchar(140),
`user` varchar(140),
`client_secret` varchar(140),
`skip_authorization` int(1) not null default 0,
`scopes` text default 'all openid',
`redirect_uris` text,
`default_redirect_uri` varchar(140),
`grant_type` varchar(140),
`response_type` varchar(140) default 'Code',
`_user_tags` text,
`_comments` text,
`_assign` text,
`_liked_by` text,
index modified(modified))
			ENGINE=InnoDB
			ROW_FORMAT=DYNAMIC
			CHARACTER SET=utf8mb4
			COLLATE=utf8mb4_unicode_ci
2023-08-22 17:45:50,799 WARNING database DDL Query made to DB:
create table `tabQuery Parameters` (
			name varchar(140) primary key,
			creation datetime(6),
			modified datetime(6),
			modified_by varchar(140),
			owner varchar(140),
			docstatus int(1) not null default '0',
			idx int(8) not null default '0',
			`key` varchar(140),
`value` varchar(140),
parent varchar(140),
parentfield varchar(140),
parenttype varchar(140),
index parent(parent))
			ENGINE=InnoDB
			ROW_FORMAT=DYNAMIC
			CHARACTER SET=utf8mb4
			COLLATE=utf8mb4_unicode_ci
2023-08-22 17:45:50,880 WARNING database DDL Query made to DB:
create table `tabIntegration Request` (
			name varchar(140) primary key,
			creation datetime(6),
			modified datetime(6),
			modified_by varchar(140),
			owner varchar(140),
			docstatus int(1) not null default '0',
			idx int(8) not null default '0',
			`request_id` varchar(140),
`integration_request_service` varchar(140),
`is_remote_request` int(1) not null default 0,
`request_description` varchar(140),
`status` varchar(140) default 'Queued',
`url` varchar(140),
`request_headers` longtext,
`data` longtext,
`output` longtext,
`error` longtext,
`reference_doctype` varchar(140),
`reference_docname` varchar(140),
`_user_tags` text,
`_comments` text,
`_assign` text,
`_liked_by` text,
index modified(modified))
			ENGINE=InnoDB
			ROW_FORMAT=DYNAMIC
			CHARACTER SET=utf8mb4
			COLLATE=utf8mb4_unicode_ci
2023-08-22 17:45:50,975 WARNING database DDL Query made to DB:
create table `tabOAuth Bearer Token` (
			name varchar(140) primary key,
			creation datetime(6),
			modified datetime(6),
			modified_by varchar(140),
			owner varchar(140),
			docstatus int(1) not null default '0',
			idx int(8) not null default '0',
			`client` varchar(140),
`user` varchar(140),
`scopes` text,
`access_token` varchar(140) unique,
`refresh_token` varchar(140),
`expiration_time` datetime(6),
`expires_in` int(11) not null default 0,
`status` varchar(140),
`_user_tags` text,
`_comments` text,
`_assign` text,
`_liked_by` text,
index modified(modified))
			ENGINE=InnoDB
			ROW_FORMAT=DYNAMIC
			CHARACTER SET=utf8mb4
			COLLATE=utf8mb4_unicode_ci
2023-08-22 17:45:51,066 WARNING database DDL Query made to DB:
create table `tabOAuth Authorization Code` (
			name varchar(140) primary key,
			creation datetime(6),
			modified datetime(6),
			modified_by varchar(140),
			owner varchar(140),
			docstatus int(1) not null default '0',
			idx int(8) not null default '0',
			`client` varchar(140),
`user` varchar(140),
`scopes` text,
`authorization_code` varchar(140) unique,
`expiration_time` datetime(6),
`redirect_uri_bound_to_authorization_code` varchar(140),
`validity` varchar(140),
`nonce` varchar(140),
`code_challenge` varchar(140),
`code_challenge_method` varchar(140),
`_user_tags` text,
`_comments` text,
`_assign` text,
`_liked_by` text,
index modified(modified))
			ENGINE=InnoDB
			ROW_FORMAT=DYNAMIC
			CHARACTER SET=utf8mb4
			COLLATE=utf8mb4_unicode_ci
2023-08-22 17:45:51,148 WARNING database DDL Query made to DB:
create table `tabOAuth Scope` (
			name varchar(140) primary key,
			creation datetime(6),
			modified datetime(6),
			modified_by varchar(140),
			owner varchar(140),
			docstatus int(1) not null default '0',
			idx int(8) not null default '0',
			`scope` varchar(140),
parent varchar(140),
parentfield varchar(140),
parenttype varchar(140),
index parent(parent))
			ENGINE=InnoDB
			ROW_FORMAT=DYNAMIC
			CHARACTER SET=utf8mb4
			COLLATE=utf8mb4_unicode_ci
2023-08-22 17:45:51,248 WARNING database DDL Query made to DB:
create table `tabWebhook Request Log` (
			name varchar(140) primary key,
			creation datetime(6),
			modified datetime(6),
			modified_by varchar(140),
			owner varchar(140),
			docstatus int(1) not null default '0',
			idx int(8) not null default '0',
			`webhook` varchar(140),
`reference_document` varchar(140),
`headers` longtext,
`data` longtext,
`user` varchar(140),
`url` varchar(140),
`response` longtext,
`error` text,
`_user_tags` text,
`_comments` text,
`_assign` text,
`_liked_by` text,
index modified(modified))
			ENGINE=InnoDB
			ROW_FORMAT=DYNAMIC
			CHARACTER SET=utf8mb4
			COLLATE=utf8mb4_unicode_ci
2023-08-22 17:45:51,796 WARNING database DDL Query made to DB:
create table `tabPrint Format Field Template` (
			name varchar(140) primary key,
			creation datetime(6),
			modified datetime(6),
			modified_by varchar(140),
			owner varchar(140),
			docstatus int(1) not null default '0',
			idx int(8) not null default '0',
			`document_type` varchar(140),
`field` varchar(140),
`template_file` varchar(140),
`module` varchar(140),
`standard` int(1) not null default 0,
`template` longtext,
`_user_tags` text,
`_comments` text,
`_assign` text,
`_liked_by` text,
index modified(modified))
			ENGINE=InnoDB
			ROW_FORMAT=DYNAMIC
			CHARACTER SET=utf8mb4
			COLLATE=utf8mb4_unicode_ci
2023-08-22 17:45:52,474 WARNING database DDL Query made to DB:
create table `tabLetter Head` (
			name varchar(140) primary key,
			creation datetime(6),
			modified datetime(6),
			modified_by varchar(140),
			owner varchar(140),
			docstatus int(1) not null default '0',
			idx int(8) not null default '0',
			`letter_head_name` varchar(140) unique,
`source` varchar(140),
`footer_source` varchar(140) default 'HTML',
`disabled` int(1) not null default 0,
`is_default` int(1) not null default 0,
`image` text,
`image_height` decimal(21,9) not null default 0,
`image_width` decimal(21,9) not null default 0,
`align` varchar(140) default 'Left',
`content` longtext,
`footer` longtext,
`footer_image` text,
`footer_image_height` decimal(21,9) not null default 0,
`footer_image_width` decimal(21,9) not null default 0,
`footer_align` varchar(140),
`_user_tags` text,
`_comments` text,
`_assign` text,
`_liked_by` text,
index `is_default`(`is_default`),
index modified(modified))
			ENGINE=InnoDB
			ROW_FORMAT=DYNAMIC
			CHARACTER SET=utf8mb4
			COLLATE=utf8mb4_unicode_ci
2023-08-22 17:45:52,561 WARNING database DDL Query made to DB:
create table `tabNetwork Printer Settings` (
			name varchar(140) primary key,
			creation datetime(6),
			modified datetime(6),
			modified_by varchar(140),
			owner varchar(140),
			docstatus int(1) not null default '0',
			idx int(8) not null default '0',
			`server_ip` varchar(140) default 'localhost',
`port` int(11) not null default 631,
`printer_name` varchar(140),
`_user_tags` text,
`_comments` text,
`_assign` text,
`_liked_by` text,
index modified(modified))
			ENGINE=InnoDB
			ROW_FORMAT=DYNAMIC
			CHARACTER SET=utf8mb4
			COLLATE=utf8mb4_unicode_ci
2023-08-22 17:45:52,643 WARNING database DDL Query made to DB:
create table `tabPrint Heading` (
			name varchar(140) primary key,
			creation datetime(6),
			modified datetime(6),
			modified_by varchar(140),
			owner varchar(140),
			docstatus int(1) not null default '0',
			idx int(8) not null default '0',
			`print_heading` varchar(140),
`description` text,
`_user_tags` text,
`_comments` text,
`_assign` text,
`_liked_by` text,
index modified(modified))
			ENGINE=InnoDB
			ROW_FORMAT=DYNAMIC
			CHARACTER SET=utf8mb4
			COLLATE=utf8mb4_unicode_ci
2023-08-22 17:45:52,970 WARNING database DDL Query made to DB:
create table `tabSalutation` (
			name varchar(140) primary key,
			creation datetime(6),
			modified datetime(6),
			modified_by varchar(140),
			owner varchar(140),
			docstatus int(1) not null default '0',
			idx int(8) not null default '0',
			`salutation` varchar(140) unique,
`_user_tags` text,
`_comments` text,
`_assign` text,
`_liked_by` text,
index modified(modified))
			ENGINE=InnoDB
			ROW_FORMAT=DYNAMIC
			CHARACTER SET=utf8mb4
			COLLATE=utf8mb4_unicode_ci
2023-08-22 17:45:53,184 WARNING database DDL Query made to DB:
create table `tabGender` (
			name varchar(140) primary key,
			creation datetime(6),
			modified datetime(6),
			modified_by varchar(140),
			owner varchar(140),
			docstatus int(1) not null default '0',
			idx int(8) not null default '0',
			`gender` varchar(140) unique,
`_user_tags` text,
`_comments` text,
`_assign` text,
`_liked_by` text,
index modified(modified))
			ENGINE=InnoDB
			ROW_FORMAT=DYNAMIC
			CHARACTER SET=utf8mb4
			COLLATE=utf8mb4_unicode_ci
2023-08-22 17:45:53,264 WARNING database DDL Query made to DB:
create table `tabAddress Template` (
			name varchar(140) primary key,
			creation datetime(6),
			modified datetime(6),
			modified_by varchar(140),
			owner varchar(140),
			docstatus int(1) not null default '0',
			idx int(8) not null default '0',
			`country` varchar(140) unique,
`is_default` int(1) not null default 0,
`template` longtext,
`_user_tags` text,
`_comments` text,
`_assign` text,
`_liked_by` text,
index modified(modified))
			ENGINE=InnoDB
			ROW_FORMAT=DYNAMIC
			CHARACTER SET=utf8mb4
			COLLATE=utf8mb4_unicode_ci
2023-08-22 17:45:53,605 WARNING database DDL Query made to DB:
create table `tabAddress` (
			name varchar(140) primary key,
			creation datetime(6),
			modified datetime(6),
			modified_by varchar(140),
			owner varchar(140),
			docstatus int(1) not null default '0',
			idx int(8) not null default '0',
			`address_title` varchar(140),
`address_type` varchar(140),
`address_line1` varchar(140),
`address_line2` varchar(140),
`city` varchar(140),
`county` varchar(140),
`state` varchar(140),
`country` varchar(140),
`pincode` varchar(140),
`email_id` varchar(140),
`phone` varchar(140),
`fax` varchar(140),
`is_primary_address` int(1) not null default 0,
`is_shipping_address` int(1) not null default 0,
`disabled` int(1) not null default 0,
`_user_tags` text,
`_comments` text,
`_assign` text,
`_liked_by` text,
index `city`(`city`),
index `country`(`country`),
index `pincode`(`pincode`),
index modified(modified))
			ENGINE=InnoDB
			ROW_FORMAT=DYNAMIC
			CHARACTER SET=utf8mb4
			COLLATE=utf8mb4_unicode_ci
2023-08-22 17:45:53,740 WARNING database DDL Query made to DB:
create table `tabContact` (
			name varchar(140) primary key,
			creation datetime(6),
			modified datetime(6),
			modified_by varchar(140),
			owner varchar(140),
			docstatus int(1) not null default '0',
			idx int(8) not null default '0',
			`first_name` varchar(140),
`middle_name` varchar(140),
`last_name` varchar(140),
`full_name` varchar(140),
`email_id` varchar(140),
`user` varchar(140),
`address` varchar(140),
`sync_with_google_contacts` int(1) not null default 0,
`status` varchar(140) default 'Passive',
`salutation` varchar(140),
`designation` varchar(140),
`gender` varchar(140),
`phone` varchar(140),
`mobile_no` varchar(140),
`company_name` varchar(140),
`image` text,
`google_contacts` varchar(140),
`google_contacts_id` varchar(140),
`pulled_from_google_contacts` int(1) not null default 0,
`is_primary_contact` int(1) not null default 0,
`department` varchar(140),
`unsubscribed` int(1) not null default 0,
`_user_tags` text,
`_comments` text,
`_assign` text,
`_liked_by` text,
index `email_id`(`email_id`),
index modified(modified))
			ENGINE=InnoDB
			ROW_FORMAT=DYNAMIC
			CHARACTER SET=utf8mb4
			COLLATE=utf8mb4_unicode_ci
2023-08-22 17:45:54,072 WARNING database DDL Query made to DB:
create table `tabContact Email` (
			name varchar(140) primary key,
			creation datetime(6),
			modified datetime(6),
			modified_by varchar(140),
			owner varchar(140),
			docstatus int(1) not null default '0',
			idx int(8) not null default '0',
			`email_id` varchar(140),
`is_primary` int(1) not null default 0,
parent varchar(140),
parentfield varchar(140),
parenttype varchar(140),
index parent(parent))
			ENGINE=InnoDB
			ROW_FORMAT=DYNAMIC
			CHARACTER SET=utf8mb4
			COLLATE=utf8mb4_unicode_ci
2023-08-22 17:45:54,148 WARNING database DDL Query made to DB:
create table `tabContact Phone` (
			name varchar(140) primary key,
			creation datetime(6),
			modified datetime(6),
			modified_by varchar(140),
			owner varchar(140),
			docstatus int(1) not null default '0',
			idx int(8) not null default '0',
			`phone` varchar(140),
`is_primary_phone` int(1) not null default 0,
`is_primary_mobile_no` int(1) not null default 0,
parent varchar(140),
parentfield varchar(140),
parenttype varchar(140),
index parent(parent))
			ENGINE=InnoDB
			ROW_FORMAT=DYNAMIC
			CHARACTER SET=utf8mb4
			COLLATE=utf8mb4_unicode_ci
2023-08-22 17:45:54,276 WARNING database DDL Query made to DB:
create table `tabReview Level` (
			name varchar(140) primary key,
			creation datetime(6),
			modified datetime(6),
			modified_by varchar(140),
			owner varchar(140),
			docstatus int(1) not null default '0',
			idx int(8) not null default '0',
			`level_name` varchar(140) unique,
`role` varchar(140) unique,
`review_points` int(11) not null default 0,
parent varchar(140),
parentfield varchar(140),
parenttype varchar(140),
index parent(parent))
			ENGINE=InnoDB
			ROW_FORMAT=DYNAMIC
			CHARACTER SET=utf8mb4
			COLLATE=utf8mb4_unicode_ci
2023-08-22 17:45:54,463 WARNING database DDL Query made to DB:
create sequence if not exists energy_point_log_id_seq nocache nocycle
2023-08-22 17:45:54,521 WARNING database DDL Query made to DB:
create table `tabEnergy Point Log` (
			name bigint primary key,
			creation datetime(6),
			modified datetime(6),
			modified_by varchar(140),
			owner varchar(140),
			docstatus int(1) not null default '0',
			idx int(8) not null default '0',
			`user` varchar(140),
`type` varchar(140),
`points` int(11) not null default 0,
`rule` varchar(140),
`reference_doctype` varchar(140),
`reference_name` varchar(140),
`reverted` int(1) not null default 0,
`revert_of` varchar(140),
`reason` text,
`seen` int(1) not null default 0,
`_user_tags` text,
`_comments` text,
`_assign` text,
`_liked_by` text,
index `user`(`user`),
index `reference_name`(`reference_name`),
index modified(modified))
			ENGINE=InnoDB
			ROW_FORMAT=DYNAMIC
			CHARACTER SET=utf8mb4
			COLLATE=utf8mb4_unicode_ci
2023-08-22 17:45:54,644 WARNING database DDL Query made to DB:
create table `tabEnergy Point Rule` (
			name varchar(140) primary key,
			creation datetime(6),
			modified datetime(6),
			modified_by varchar(140),
			owner varchar(140),
			docstatus int(1) not null default '0',
			idx int(8) not null default '0',
			`enabled` int(1) not null default 1,
`rule_name` varchar(140) unique,
`reference_doctype` varchar(140),
`for_doc_event` varchar(140) default 'Custom',
`field_to_check` varchar(140),
`points` int(11) not null default 0,
`for_assigned_users` int(1) not null default 0,
`user_field` varchar(140),
`multiplier_field` varchar(140),
`max_points` int(11) not null default 0,
`apply_only_once` int(1) not null default 0,
`condition` longtext,
`_user_tags` text,
`_comments` text,
`_assign` text,
`_liked_by` text,
index modified(modified))
			ENGINE=InnoDB
			ROW_FORMAT=DYNAMIC
			CHARACTER SET=utf8mb4
			COLLATE=utf8mb4_unicode_ci
2023-08-22 17:45:54,768 WARNING database DDL Query made to DB:
create table `tabMilestone Tracker` (
			name varchar(140) primary key,
			creation datetime(6),
			modified datetime(6),
			modified_by varchar(140),
			owner varchar(140),
			docstatus int(1) not null default '0',
			idx int(8) not null default '0',
			`document_type` varchar(140) unique,
`track_field` varchar(140),
`disabled` int(1) not null default 0,
`_user_tags` text,
`_comments` text,
`_assign` text,
`_liked_by` text,
index modified(modified))
			ENGINE=InnoDB
			ROW_FORMAT=DYNAMIC
			CHARACTER SET=utf8mb4
			COLLATE=utf8mb4_unicode_ci
2023-08-22 17:45:54,941 WARNING database DDL Query made to DB:
create table `tabAssignment Rule Day` (
			name varchar(140) primary key,
			creation datetime(6),
			modified datetime(6),
			modified_by varchar(140),
			owner varchar(140),
			docstatus int(1) not null default '0',
			idx int(8) not null default '0',
			`day` varchar(140),
parent varchar(140),
parentfield varchar(140),
parenttype varchar(140),
index parent(parent))
			ENGINE=InnoDB
			ROW_FORMAT=DYNAMIC
			CHARACTER SET=utf8mb4
			COLLATE=utf8mb4_unicode_ci
2023-08-22 17:45:55,013 WARNING database DDL Query made to DB:
create table `tabAssignment Rule` (
			name varchar(140) primary key,
			creation datetime(6),
			modified datetime(6),
			modified_by varchar(140),
			owner varchar(140),
			docstatus int(1) not null default '0',
			idx int(8) not null default '0',
			`document_type` varchar(140),
`due_date_based_on` varchar(140),
`priority` int(11) not null default 0,
`disabled` int(1) not null default 0,
`description` text default 'Automatic Assignment',
`assign_condition` longtext,
`unassign_condition` longtext,
`close_condition` longtext,
`rule` varchar(140),
`field` varchar(140),
`last_user` varchar(140),
`_user_tags` text,
`_comments` text,
`_assign` text,
`_liked_by` text,
index modified(modified))
			ENGINE=InnoDB
			ROW_FORMAT=DYNAMIC
			CHARACTER SET=utf8mb4
			COLLATE=utf8mb4_unicode_ci
2023-08-22 17:45:55,076 WARNING database DDL Query made to DB:
create table `tabReminder` (
			name varchar(140) primary key,
			creation datetime(6),
			modified datetime(6),
			modified_by varchar(140),
			owner varchar(140),
			docstatus int(1) not null default '0',
			idx int(8) not null default '0',
			`user` varchar(140),
`remind_at` datetime(6),
`description` text,
`reminder_doctype` varchar(140),
`reminder_docname` varchar(140),
`notified` int(1) not null default 0,
`_user_tags` text,
`_comments` text,
`_assign` text,
`_liked_by` text,
index `user`(`user`),
index `remind_at`(`remind_at`),
index modified(modified))
			ENGINE=InnoDB
			ROW_FORMAT=DYNAMIC
			CHARACTER SET=utf8mb4
			COLLATE=utf8mb4_unicode_ci
2023-08-22 17:45:55,139 WARNING database DDL Query made to DB:
create table `tabMilestone` (
			name varchar(140) primary key,
			creation datetime(6),
			modified datetime(6),
			modified_by varchar(140),
			owner varchar(140),
			docstatus int(1) not null default '0',
			idx int(8) not null default '0',
			`reference_type` varchar(140),
`reference_name` varchar(140),
`track_field` varchar(140),
`value` varchar(140),
`milestone_tracker` varchar(140),
`_user_tags` text,
`_comments` text,
`_assign` text,
`_liked_by` text,
index `reference_type`(`reference_type`),
index modified(modified))
			ENGINE=InnoDB
			ROW_FORMAT=DYNAMIC
			CHARACTER SET=utf8mb4
			COLLATE=utf8mb4_unicode_ci
2023-08-22 17:45:55,200 WARNING database DDL Query made to DB:
ALTER TABLE `tabMilestone`
				ADD INDEX `reference_type_reference_name_index`(reference_type, reference_name)
2023-08-22 17:45:55,257 WARNING database DDL Query made to DB:
create table `tabAuto Repeat Day` (
			name varchar(140) primary key,
			creation datetime(6),
			modified datetime(6),
			modified_by varchar(140),
			owner varchar(140),
			docstatus int(1) not null default '0',
			idx int(8) not null default '0',
			`day` varchar(140),
parent varchar(140),
parentfield varchar(140),
parenttype varchar(140),
index parent(parent))
			ENGINE=InnoDB
			ROW_FORMAT=DYNAMIC
			CHARACTER SET=utf8mb4
			COLLATE=utf8mb4_unicode_ci
2023-08-22 17:45:55,326 WARNING database DDL Query made to DB:
create table `tabAssignment Rule User` (
			name varchar(140) primary key,
			creation datetime(6),
			modified datetime(6),
			modified_by varchar(140),
			owner varchar(140),
			docstatus int(1) not null default '0',
			idx int(8) not null default '0',
			`user` varchar(140),
parent varchar(140),
parentfield varchar(140),
parenttype varchar(140),
index parent(parent))
			ENGINE=InnoDB
			ROW_FORMAT=DYNAMIC
			CHARACTER SET=utf8mb4
			COLLATE=utf8mb4_unicode_ci
2023-08-22 17:45:55,409 WARNING database DDL Query made to DB:
create table `tabAuto Repeat` (
			name varchar(140) primary key,
			creation datetime(6),
			modified datetime(6),
			modified_by varchar(140),
			owner varchar(140),
			docstatus int(1) not null default '0',
			idx int(8) not null default '0',
			`disabled` int(1) not null default 0,
`reference_doctype` varchar(140),
`reference_document` varchar(140),
`submit_on_creation` int(1) not null default 0,
`start_date` date,
`end_date` date,
`frequency` varchar(140),
`repeat_on_day` int(11) not null default 0,
`repeat_on_last_day` int(1) not null default 0,
`next_schedule_date` date,
`notify_by_email` int(1) not null default 0,
`recipients` text,
`template` varchar(140),
`subject` varchar(140),
`message` text default 'Please find attached {{ doc.doctype }} #{{ doc.name }}',
`print_format` varchar(140),
`status` varchar(140),
`_user_tags` text,
`_comments` text,
`_assign` text,
`_liked_by` text,
index `next_schedule_date`(`next_schedule_date`),
index modified(modified))
			ENGINE=InnoDB
			ROW_FORMAT=DYNAMIC
			CHARACTER SET=utf8mb4
			COLLATE=utf8mb4_unicode_ci
2023-08-29 17:10:58,986 WARNING database DDL Query made to DB:
create table `tabBanner` (
			name varchar(140) primary key,
			creation datetime(6),
			modified datetime(6),
			modified_by varchar(140),
			owner varchar(140),
			docstatus int(1) not null default '0',
			idx int(8) not null default '0',
			`title` varchar(140),
`_user_tags` text,
`_comments` text,
`_assign` text,
`_liked_by` text,
index modified(modified))
			ENGINE=InnoDB
			ROW_FORMAT=DYNAMIC
			CHARACTER SET=utf8mb4
			COLLATE=utf8mb4_unicode_ci
2023-08-29 17:19:50,108 WARNING database DDL Query made to DB:
create table `tabbanner` (
			name varchar(140) primary key,
			creation datetime(6),
			modified datetime(6),
			modified_by varchar(140),
			owner varchar(140),
			docstatus int(1) not null default '0',
			idx int(8) not null default '0',
			`title` varchar(140),
`_user_tags` text,
`_comments` text,
`_assign` text,
`_liked_by` text,
index modified(modified))
			ENGINE=InnoDB
			ROW_FORMAT=DYNAMIC
			CHARACTER SET=utf8mb4
			COLLATE=utf8mb4_unicode_ci
2023-08-30 18:15:12,888 WARNING database DDL Query made to DB:
create table `tabProduct` (
			name varchar(140) primary key,
			creation datetime(6),
			modified datetime(6),
			modified_by varchar(140),
			owner varchar(140),
			docstatus int(1) not null default '0',
			idx int(8) not null default '0',
			`product_name` varchar(140),
`_user_tags` text,
`_comments` text,
`_assign` text,
`_liked_by` text,
index modified(modified))
			ENGINE=InnoDB
			ROW_FORMAT=DYNAMIC
			CHARACTER SET=utf8mb4
			COLLATE=utf8mb4_unicode_ci
2023-08-30 18:21:02,097 WARNING database DDL Query made to DB:
ALTER TABLE `tabProduct` ADD COLUMN `attach_image_phef` text
2023-08-30 18:21:16,162 WARNING database DDL Query made to DB:
ALTER TABLE `tabProduct` ADD COLUMN `currency_ovmx` decimal(21,9) not null default 0
2023-08-30 18:21:28,612 WARNING database DDL Query made to DB:
ALTER TABLE `tabProduct` MODIFY `currency_ovmx` decimal(21,9) not null default 0
2023-08-30 18:28:59,746 WARNING database DDL Query made to DB:
ALTER TABLE `tabProduct` MODIFY `currency_ovmx` decimal(21,9) not null default 0
2023-08-30 18:37:03,163 WARNING database DDL Query made to DB:
ALTER TABLE `tabProduct` ADD COLUMN `product_image` text
2023-08-30 18:37:03,168 WARNING database DDL Query made to DB:
ALTER TABLE `tabProduct` MODIFY `currency_ovmx` decimal(21,9) not null default 0
2023-08-30 18:37:13,938 WARNING database DDL Query made to DB:
ALTER TABLE `tabProduct` ADD COLUMN `price` decimal(21,9) not null default 0
2023-08-30 23:25:03,796 WARNING database DDL Query made to DB:
ALTER TABLE `tabProduct` MODIFY `price` decimal(21,9) not null default 0
2023-08-30 23:25:51,171 WARNING database DDL Query made to DB:
ALTER TABLE `tabProduct` MODIFY `price` decimal(21,9) not null default 0
2023-08-30 23:26:25,724 WARNING database DDL Query made to DB:
ALTER TABLE `tabProduct` MODIFY `price` decimal(21,9) not null default 0
2023-08-30 23:28:12,182 WARNING database DDL Query made to DB:
ALTER TABLE `tabProduct` MODIFY `price` decimal(21,9) not null default 0
2023-08-31 10:56:32,837 WARNING database DDL Query made to DB:
ALTER TABLE `tabProduct` ADD COLUMN `route` varchar(140)
2023-08-31 10:56:32,842 WARNING database DDL Query made to DB:
ALTER TABLE `tabProduct` MODIFY `price` decimal(21,9) not null default 0
2023-08-31 10:57:33,055 WARNING database DDL Query made to DB:
ALTER TABLE `tabProduct` MODIFY `price` decimal(21,9) not null default 0
2023-08-31 10:58:05,532 WARNING database DDL Query made to DB:
ALTER TABLE `tabProduct` MODIFY `price` decimal(21,9) not null default 0
2023-08-31 10:58:21,902 WARNING database DDL Query made to DB:
ALTER TABLE `tabProduct` MODIFY `price` decimal(21,9) not null default 0
2023-08-31 11:28:07,806 WARNING database DDL Query made to DB:
ALTER TABLE `tabBanner` ADD COLUMN `banner_image` text, ADD COLUMN `route` varchar(140)
2023-08-31 12:38:39,308 WARNING database DDL Query made to DB:
ALTER TABLE `tabProduct` ADD COLUMN `description` text
2023-08-31 12:38:39,314 WARNING database DDL Query made to DB:
ALTER TABLE `tabProduct` MODIFY `price` decimal(21,9) not null default 0
2023-08-31 12:39:54,576 WARNING database DDL Query made to DB:
ALTER TABLE `tabProduct` ADD COLUMN `additional_information` longtext
2023-08-31 12:39:54,587 WARNING database DDL Query made to DB:
ALTER TABLE `tabProduct` MODIFY `price` decimal(21,9) not null default 0
2023-09-02 18:42:09,933 WARNING database DDL Query made to DB:
create table `tabProduct Images` (
			name varchar(140) primary key,
			creation datetime(6),
			modified datetime(6),
			modified_by varchar(140),
			owner varchar(140),
			docstatus int(1) not null default '0',
			idx int(8) not null default '0',
			`image1` text,
`image2` text,
`image3` text,
`image4` text,
`_user_tags` text,
`_comments` text,
`_assign` text,
`_liked_by` text,
index modified(modified))
			ENGINE=InnoDB
			ROW_FORMAT=DYNAMIC
			CHARACTER SET=utf8mb4
			COLLATE=utf8mb4_unicode_ci
2023-09-02 18:53:55,673 WARNING database DDL Query made to DB:
alter table `tabProduct` add column parent varchar(140)
2023-09-02 18:53:55,705 WARNING database DDL Query made to DB:
alter table `tabProduct` add column parenttype varchar(140)
2023-09-02 18:53:55,737 WARNING database DDL Query made to DB:
alter table `tabProduct` add column parentfield varchar(140)
2023-09-02 18:53:55,813 WARNING database DDL Query made to DB:
ALTER TABLE `tabProduct` MODIFY `price` decimal(21,9) not null default 0
2023-09-02 18:58:14,351 WARNING database DDL Query made to DB:
ALTER TABLE `tabProduct` MODIFY `price` decimal(21,9) not null default 0
2023-09-02 18:58:26,652 WARNING database DDL Query made to DB:
alter table `tabProduct Images` add column parent varchar(140)
2023-09-02 18:58:26,686 WARNING database DDL Query made to DB:
alter table `tabProduct Images` add column parenttype varchar(140)
2023-09-02 18:58:26,717 WARNING database DDL Query made to DB:
alter table `tabProduct Images` add column parentfield varchar(140)
2023-09-02 18:58:57,960 WARNING database DDL Query made to DB:
ALTER TABLE `tabProduct` MODIFY `price` decimal(21,9) not null default 0
2023-09-04 12:04:54,954 WARNING database DDL Query made to DB:
ALTER TABLE `tabProduct Images` ADD COLUMN `product` varchar(140)
2023-09-04 12:16:30,236 WARNING database DDL Query made to DB:
ALTER TABLE `tabProduct` MODIFY `price` decimal(21,9) not null default 0
2023-09-04 12:35:03,374 WARNING database DDL Query made to DB:
ALTER TABLE `tabProduct` ADD COLUMN `amended_from` varchar(140)
2023-09-04 12:35:03,379 WARNING database DDL Query made to DB:
ALTER TABLE `tabProduct` MODIFY `price` decimal(21,9) not null default 0
2023-09-04 12:35:52,926 WARNING database DDL Query made to DB:
ALTER TABLE `tabProduct` MODIFY `price` decimal(21,9) not null default 0
2023-09-04 12:39:05,165 WARNING database DDL Query made to DB:
ALTER TABLE `tabProduct` MODIFY `price` decimal(21,9) not null default 0
2023-09-04 12:50:57,547 WARNING database DDL Query made to DB:
ALTER TABLE `tabProduct` MODIFY `price` decimal(21,9) not null default 0
2023-09-04 13:02:03,339 WARNING database DDL Query made to DB:
ALTER TABLE `tabProduct` MODIFY `price` decimal(21,9) not null default 0
2023-09-04 13:02:38,326 WARNING database DDL Query made to DB:
ALTER TABLE `tabProduct Images` ADD COLUMN `title` varchar(140)
2023-09-04 13:04:10,312 WARNING database DDL Query made to DB:
ALTER TABLE `tabProduct` MODIFY `price` decimal(21,9) not null default 0
2023-09-04 15:36:54,341 WARNING database DDL Query made to DB:
create table `tabCart` (
			name varchar(140) primary key,
			creation datetime(6),
			modified datetime(6),
			modified_by varchar(140),
			owner varchar(140),
			docstatus int(1) not null default '0',
			idx int(8) not null default '0',
			`user` varchar(140),
`_user_tags` text,
`_comments` text,
`_assign` text,
`_liked_by` text,
index modified(modified))
			ENGINE=InnoDB
			ROW_FORMAT=DYNAMIC
			CHARACTER SET=utf8mb4
			COLLATE=utf8mb4_unicode_ci
2023-09-04 15:45:48,091 WARNING database DDL Query made to DB:
ALTER TABLE `tabCart` ADD COLUMN `product` varchar(140), ADD COLUMN `quantity` int(11) not null default 0, ADD COLUMN `product_price` decimal(21,9) not null default 0, ADD COLUMN `total_price` decimal(21,9) not null default 0
2023-09-04 15:55:46,700 WARNING database DDL Query made to DB:
ALTER TABLE `tabCart` ADD COLUMN `created_at` datetime(6), ADD COLUMN `updated_at` datetime(6)
2023-09-04 15:56:02,413 WARNING database DDL Query made to DB:
ALTER TABLE `tabCart` ADD COLUMN `is_active` int(1) not null default 0
2023-09-04 15:56:50,888 WARNING database DDL Query made to DB:
ALTER TABLE `tabCart` ADD COLUMN `cart_total` decimal(21,9) not null default 0
2023-09-04 15:57:12,757 WARNING database DDL Query made to DB:
ALTER TABLE `tabCart` MODIFY `cart_total` decimal(21,9) not null default 0
2023-09-04 15:57:40,877 WARNING database DDL Query made to DB:
ALTER TABLE `tabCart` MODIFY `cart_total` decimal(21,9) not null default 0
2023-09-04 16:40:45,473 WARNING database DDL Query made to DB:
create table `tabCart Item` (
			name varchar(140) primary key,
			creation datetime(6),
			modified datetime(6),
			modified_by varchar(140),
			owner varchar(140),
			docstatus int(1) not null default '0',
			idx int(8) not null default '0',
			`title` varchar(140),
parent varchar(140),
parentfield varchar(140),
parenttype varchar(140),
index parent(parent))
			ENGINE=InnoDB
			ROW_FORMAT=DYNAMIC
			CHARACTER SET=utf8mb4
			COLLATE=utf8mb4_unicode_ci
2023-09-04 16:43:02,366 WARNING database DDL Query made to DB:
ALTER TABLE `tabCart Item` ADD COLUMN `product` varchar(140)
2023-09-04 17:09:08,207 WARNING database DDL Query made to DB:
ALTER TABLE `tabCart` MODIFY `cart_total` decimal(21,9) not null default 0
2023-09-04 17:16:22,181 WARNING database DDL Query made to DB:
ALTER TABLE `tabCart` ADD COLUMN `shipping_address` text
2023-09-04 17:16:22,201 WARNING database DDL Query made to DB:
ALTER TABLE `tabCart` MODIFY `cart_total` decimal(21,9) not null default 0
2023-09-04 17:16:42,493 WARNING database DDL Query made to DB:
ALTER TABLE `tabCart` ADD COLUMN `billing_address` text
2023-09-04 17:16:42,512 WARNING database DDL Query made to DB:
ALTER TABLE `tabCart` MODIFY `cart_total` decimal(21,9) not null default 0
2023-09-08 17:21:31,919 WARNING database DDL Query made to DB:
ALTER TABLE `tabCart Item` ADD COLUMN `quantity` int(11) not null default 0
2023-09-08 17:23:02,492 WARNING database DDL Query made to DB:
ALTER TABLE `tabCart Item` ADD COLUMN `cart` varchar(140)
2023-09-11 11:55:56,851 WARNING database DDL Query made to DB:
ALTER TABLE `tabCart` MODIFY `cart_total` decimal(21,9) not null default 0
2023-09-11 14:20:58,345 WARNING database DDL Query made to DB:
ALTER TABLE `tabProduct` MODIFY `price` decimal(21,9) not null default 0
2023-09-11 14:58:34,451 WARNING database DDL Query made to DB:
create table `tabCart` (
			name varchar(140) primary key,
			creation datetime(6),
			modified datetime(6),
			modified_by varchar(140),
			owner varchar(140),
			docstatus int(1) not null default '0',
			idx int(8) not null default '0',
			`user` varchar(140),
`cart_total` decimal(21,9) not null default 0,
`craeted_at` datetime(6),
`updated_at` datetime(6),
`_user_tags` text,
`_comments` text,
`_assign` text,
`_liked_by` text,
index modified(modified))
			ENGINE=InnoDB
			ROW_FORMAT=DYNAMIC
			CHARACTER SET=utf8mb4
			COLLATE=utf8mb4_unicode_ci
2023-09-11 14:59:44,068 WARNING database DDL Query made to DB:
ALTER TABLE `tabCart` ADD COLUMN `shipping_address` text
2023-09-11 14:59:44,074 WARNING database DDL Query made to DB:
ALTER TABLE `tabCart` MODIFY `cart_total` decimal(21,9) not null default 0
2023-09-11 15:00:13,249 WARNING database DDL Query made to DB:
ALTER TABLE `tabCart` ADD COLUMN `billing_address` text
2023-09-11 15:00:13,255 WARNING database DDL Query made to DB:
ALTER TABLE `tabCart` MODIFY `cart_total` decimal(21,9) not null default 0
2023-09-11 15:00:51,236 WARNING database DDL Query made to DB:
ALTER TABLE `tabCart` MODIFY `cart_total` decimal(21,9) not null default 0
2023-09-11 15:06:18,538 WARNING database DDL Query made to DB:
ALTER TABLE `tabCart` ADD COLUMN `is_active` int(1) not null default 0
2023-09-11 15:06:18,568 WARNING database DDL Query made to DB:
ALTER TABLE `tabCart` MODIFY `cart_total` decimal(21,9) not null default 0
2023-09-11 16:57:54,319 WARNING database DDL Query made to DB:
ALTER TABLE `tabCart` MODIFY `cart_total` decimal(21,9) not null default 0
2023-09-11 17:44:39,512 WARNING database DDL Query made to DB:
ALTER TABLE `tabCart` MODIFY `cart_total` decimal(21,9) not null default 0
2023-09-11 18:36:07,802 WARNING database DDL Query made to DB:
ALTER TABLE `tabCart` ADD COLUMN `created_at` datetime(6)
2023-09-11 18:36:07,808 WARNING database DDL Query made to DB:
ALTER TABLE `tabCart` MODIFY `cart_total` decimal(21,9) not null default 0
2023-09-11 18:37:08,977 WARNING database DDL Query made to DB:
ALTER TABLE `tabCart` MODIFY `is_active` int(1) not null default 1, MODIFY `cart_total` decimal(21,9) not null default 0
2023-09-16 15:20:10,865 WARNING database DDL Query made to DB:
create table `tabOrder` (
			name varchar(140) primary key,
			creation datetime(6),
			modified datetime(6),
			modified_by varchar(140),
			owner varchar(140),
			docstatus int(1) not null default '0',
			idx int(8) not null default '0',
			`title` varchar(140),
`_user_tags` text,
`_comments` text,
`_assign` text,
`_liked_by` text,
index modified(modified))
			ENGINE=InnoDB
			ROW_FORMAT=DYNAMIC
			CHARACTER SET=utf8mb4
			COLLATE=utf8mb4_unicode_ci
2023-09-16 15:21:19,228 WARNING database DDL Query made to DB:
ALTER TABLE `tabOrder` ADD COLUMN `product` varchar(140)
2023-09-16 15:22:17,114 WARNING database DDL Query made to DB:
ALTER TABLE `tabOrder` ADD COLUMN `user` varchar(140)
2023-09-16 15:22:59,536 WARNING database DDL Query made to DB:
ALTER TABLE `tabOrder` ADD COLUMN `cart` varchar(140)
2023-09-16 15:23:45,152 WARNING database DDL Query made to DB:
ALTER TABLE `tabOrder` ADD COLUMN `shipping_address` text
2023-09-16 15:25:43,308 WARNING database DDL Query made to DB:
ALTER TABLE `tabOrder` ADD COLUMN `float_jxpu` decimal(21,9) not null default 0
2023-09-16 15:25:56,959 WARNING database DDL Query made to DB:
ALTER TABLE `tabOrder` ADD COLUMN `order_total_amount` decimal(21,9) not null default 0
2023-09-16 15:27:42,234 WARNING database DDL Query made to DB:
ALTER TABLE `tabOrder` MODIFY `order_total_amount` decimal(21,9) not null default 0
2023-09-16 15:42:47,863 WARNING database DDL Query made to DB:
ALTER TABLE `tabOrder` ADD COLUMN `is_payment_successful` int(1) not null default 0
2023-09-16 15:42:47,869 WARNING database DDL Query made to DB:
ALTER TABLE `tabOrder` MODIFY `order_total_amount` decimal(21,9) not null default 0
2023-09-16 15:47:50,397 WARNING database DDL Query made to DB:
ALTER TABLE `tabOrder` ADD COLUMN `status` varchar(140)
2023-09-16 15:47:50,403 WARNING database DDL Query made to DB:
ALTER TABLE `tabOrder` MODIFY `order_total_amount` decimal(21,9) not null default 0
2023-09-16 15:48:45,629 WARNING database DDL Query made to DB:
create table `tabOrder Item` (
			name varchar(140) primary key,
			creation datetime(6),
			modified datetime(6),
			modified_by varchar(140),
			owner varchar(140),
			docstatus int(1) not null default '0',
			idx int(8) not null default '0',
			`order` varchar(140),
parent varchar(140),
parentfield varchar(140),
parenttype varchar(140),
index parent(parent))
			ENGINE=InnoDB
			ROW_FORMAT=DYNAMIC
			CHARACTER SET=utf8mb4
			COLLATE=utf8mb4_unicode_ci
2023-09-16 15:49:18,045 WARNING database DDL Query made to DB:
ALTER TABLE `tabOrder Item` ADD COLUMN `product` varchar(140)
2023-09-16 15:49:56,018 WARNING database DDL Query made to DB:
ALTER TABLE `tabOrder Item` ADD COLUMN `int_gpcn` int(11) not null default 0
2023-09-16 15:50:06,547 WARNING database DDL Query made to DB:
ALTER TABLE `tabOrder Item` ADD COLUMN `quantity` int(11) not null default 0
2023-09-16 15:50:29,379 WARNING database DDL Query made to DB:
ALTER TABLE `tabOrder Item` ADD COLUMN `price` decimal(21,9) not null default 0
2023-09-16 15:51:53,953 WARNING database DDL Query made to DB:
ALTER TABLE `tabOrder` MODIFY `order_total_amount` decimal(21,9) not null default 0
2023-09-16 15:52:28,528 WARNING database DDL Query made to DB:
create table `tabPayment` (
			name varchar(140) primary key,
			creation datetime(6),
			modified datetime(6),
			modified_by varchar(140),
			owner varchar(140),
			docstatus int(1) not null default '0',
			idx int(8) not null default '0',
			`title` varchar(140),
`_user_tags` text,
`_comments` text,
`_assign` text,
`_liked_by` text,
index modified(modified))
			ENGINE=InnoDB
			ROW_FORMAT=DYNAMIC
			CHARACTER SET=utf8mb4
			COLLATE=utf8mb4_unicode_ci
2023-09-16 15:52:50,730 WARNING database DDL Query made to DB:
ALTER TABLE `tabPayment` ADD COLUMN `order` varchar(140)
2023-09-16 15:53:22,063 WARNING database DDL Query made to DB:
ALTER TABLE `tabPayment` ADD COLUMN `razorpay_order_id` varchar(140)
2023-09-16 15:54:00,963 WARNING database DDL Query made to DB:
ALTER TABLE `tabPayment` ADD COLUMN `status` varchar(140)
2023-09-16 16:36:06,600 WARNING database DDL Query made to DB:
ALTER TABLE `tabPayment` ADD COLUMN `json_soja` json
2023-09-16 16:36:15,335 WARNING database DDL Query made to DB:
ALTER TABLE `tabPayment` ADD COLUMN `response_data` json
2023-09-16 16:36:35,077 WARNING database DDL Query made to DB:
create table `tabTransaction` (
			name varchar(140) primary key,
			creation datetime(6),
			modified datetime(6),
			modified_by varchar(140),
			owner varchar(140),
			docstatus int(1) not null default '0',
			idx int(8) not null default '0',
			`title` varchar(140),
`_user_tags` text,
`_comments` text,
`_assign` text,
`_liked_by` text,
index modified(modified))
			ENGINE=InnoDB
			ROW_FORMAT=DYNAMIC
			CHARACTER SET=utf8mb4
			COLLATE=utf8mb4_unicode_ci
2023-09-16 16:36:42,747 WARNING database DDL Query made to DB:
alter table `tabTransaction` add column parent varchar(140)
2023-09-16 16:36:42,768 WARNING database DDL Query made to DB:
alter table `tabTransaction` add column parenttype varchar(140)
2023-09-16 16:36:42,791 WARNING database DDL Query made to DB:
alter table `tabTransaction` add column parentfield varchar(140)
2023-09-16 16:37:10,043 WARNING database DDL Query made to DB:
ALTER TABLE `tabTransaction` ADD COLUMN `payment` varchar(140)
2023-09-16 16:37:35,884 WARNING database DDL Query made to DB:
ALTER TABLE `tabTransaction` ADD COLUMN `order` varchar(140)
2023-09-16 16:37:42,960 WARNING database DDL Query made to DB:
ALTER TABLE `tabTransaction` ADD COLUMN `data_rfyb` varchar(140)
2023-09-16 16:37:58,006 WARNING database DDL Query made to DB:
ALTER TABLE `tabTransaction` ADD COLUMN `razorpay_order_id` varchar(140)
2023-09-16 16:42:44,662 WARNING database DDL Query made to DB:
ALTER TABLE `tabTransaction` ADD COLUMN `amount` varchar(140)
2023-09-16 16:44:19,515 WARNING database DDL Query made to DB:
ALTER TABLE `tabTransaction` ADD COLUMN `method` varchar(140)
2023-09-16 16:45:49,438 WARNING database DDL Query made to DB:
ALTER TABLE `tabTransaction` ADD COLUMN `card_holder_name` varchar(140)
2023-09-16 16:46:06,548 WARNING database DDL Query made to DB:
ALTER TABLE `tabTransaction` ADD COLUMN `card_issuer` varchar(140)
2023-09-16 16:46:25,093 WARNING database DDL Query made to DB:
ALTER TABLE `tabTransaction` ADD COLUMN `card_last_4_digit` int(11) not null default 0
2023-09-16 16:46:46,341 WARNING database DDL Query made to DB:
ALTER TABLE `tabTransaction` ADD COLUMN `email` varchar(140)
2023-09-16 16:47:06,206 WARNING database DDL Query made to DB:
ALTER TABLE `tabTransaction` ADD COLUMN `phone_number` int(11) not null default 0
2023-09-16 16:47:23,628 WARNING database DDL Query made to DB:
ALTER TABLE `tabTransaction` ADD COLUMN `response_data` json
2023-09-16 16:48:41,154 WARNING database DDL Query made to DB:
ALTER TABLE `tabPayment` MODIFY `response_data` json
